        -:    0:Source:space.c
        -:    0:Graph:space.gcno
        -:    0:Data:space.gcda
        -:    0:Runs:1
        -:    0:Programs:1
        -:    1:
        -:    2:
        -:    3:
        -:    4:#include "stdio.h"
        -:    5:#include "string.h"
        -:    6:#include "stdlib.h"
        -:    7:#include "ctype.h"
        -:    8:#include "math.h"
        -:    9:#include "limits.h"
        -:   10:#include "float.h"
        -:   11:
        -:   12:
        -:   13:
        -:   14:
        -:   15:
        -:   16:#include "strutt.h"
        -:   17:
        -:   18:
        -:   19:#define FPRINTF printf
        -:   20:
        -:   21:char            GLOBLE_FILENAME[UNLEN + 1];
        -:   22:
        -:   23:
        -:   24:
        -:   25:
        -:   26:void            parserro(struct charac * err_ptr, int errcode, char *s);
        -:   27:void            kwdsinit(void);
        -:   28:void            emsginit(void);
        -:   29:void            unaminit(void);
        -:   30:void            moseinit(void);
        -:   31:void            glvainit(void);
        -:   32:char            TapeGet(struct charac ** tp);
        -:   33:void            waitcont(void);
        -:   34:int             isletter(char ch);
        -:   35:int             InKWords(char *WORD);
        -:   36:int             InUNames(char *WORD);
        -:   37:void            interror(char *subname);
        -:   38:int             InserUN(char *WORD);
        -:   39:int             EndOfTape(struct charac ** p);
        -:   40:void            floatsup(void);
        -:   41:void            nomefile(char fn[UNLEN + 1]);
        -:   42:void            prnfile(struct charac * firstel);
        -:   43:int             answer(char domanda[EMSGSLEN]);
        -:   44:
        -:   45:
        -:   46:int             readfil3(char filename[UNLEN + 1], struct charac ** firstel, struct charac ** lastel);
        -:   47:int             GetKeyword(char *kw, struct charac ** tp);
        -:   48:int             GetUName(char word[UNLEN + 1], struct charac ** tp);
        -:   49:int             GetReal(double *reale, struct charac ** tp);
        -:   50:int             GetUReal(struct charac * p1, struct charac ** pp2, double *ureal_ptr);
        -:   51:int             Get1Real(struct charac * p1, struct charac ** pp2, double *ureal_ptr);
        -:   52:int             GetInt(struct charac * p1, struct charac ** pp2, int *intero_ptr);
        -:   53:int             GetNatur(struct charac * p1, struct charac ** pp2, int *natur_ptr);
        -:   54:int             lenunit(struct charac ** tp, int *unit);
        -:   55:int 
        -:   56:angunit(struct charac * p1, struct charac ** pp2,
        -:   57:	int *angle_unit_ptr);
        -:   58:int             ampunit(struct charac ** tp, int *unit_ptr);
        -:   59:int 
        -:   60:squgrdef(struct charac * p1, struct charac ** pp2,
        -:   61:	 double *pstep_ptr,
        -:   62:	 int *pstep_unit_ptr);
        -:   63:int 
        -:   64:recgrdef(struct charac * p1, struct charac ** pp2,
        -:   65:	 double *pstep_ptr,
        -:   66:	 double *qstep_ptr,
        -:   67:	 int *pqstep_unit_ptr);
        -:   68:int 
        -:   69:hexgrdef(struct charac * p1, struct charac ** pp2,
        -:   70:	 double *pstep_ptr,
        -:   71:	 int *pstep_unit_ptr);
        -:   72:int 
        -:   73:trigrdef(struct charac * p1, struct charac ** pp2,
        -:   74:	 double *angle_ptr,
        -:   75:	 int *angle_unit_ptr,
        -:   76:	 double *pstep_ptr,
        -:   77:	 double *qstep_ptr,
        -:   78:	 int *pqstep_unit_ptr,
        -:   79:	 double *px_ptr,
        -:   80:	 double *py_ptr,
        -:   81:	 double *qx_ptr,
        -:   82:	 double *qy_ptr,
        -:   83:	 int *pqxy_unit_ptr);
        -:   84:int 
        -:   85:griddef1(struct charac * p1, struct charac ** pp2,
        -:   86:	 struct Grid ** grid_ptr);
        -:   87:int 
        -:   88:doubstep(struct charac * p1, struct charac ** pp2,
        -:   89:	 double *pstep_ptr,
        -:   90:	 double *qstep_ptr,
        -:   91:	 int *pqstep_unit_ptr);
        -:   92:int 
        -:   93:angclaus(struct charac * p1, struct charac ** pp2,
        -:   94:	 double *angle_ptr,
        -:   95:	 int *angle_unit_ptr);
        -:   96:int 
        -:   97:angstep(struct charac * p1, struct charac ** pp2,
        -:   98:	double *angle_ptr,
        -:   99:	int *angle_unit_ptr,
        -:  100:	double *pstep_ptr,
        -:  101:	double *qstep_ptr,
        -:  102:	int *pqstep_unit_ptr);
        -:  103:int 
        -:  104:versdef(struct charac * p1, struct charac ** pp2,
        -:  105:	double *px_ptr,
        -:  106:	double *py_ptr,
        -:  107:	double *qx_ptr,
        -:  108:	double *qy_ptr,
        -:  109:	int *pqxy_unit_ptr);
        -:  110:int 
        -:  111:sinstep(struct charac * p1, struct charac ** pp2,
        -:  112:	double *step_ptr,
        -:  113:	int *step_unit_ptr);
        -:  114:int 
        -:  115:recspec(struct charac * p1, struct charac ** pp2,
        -:  116:	double *pdim_ptr,
        -:  117:	double *qdim_ptr,
        -:  118:	int *pqdim_unit_ptr);
        -:  119:int 
        -:  120:geomspec(struct charac * p1, struct charac ** pp2,
        -:  121:	 int *geometry_ptr,
        -:  122:	 double *radius_ptr,
        -:  123:	 int *radius_unit_ptr,
        -:  124:	 double *pdim_ptr,
        -:  125:	 double *qdim_ptr,
        -:  126:	 int *pqdim_unit_ptr);
        -:  127:int 
        -:  128:circspec(struct charac * p1, struct charac ** pp2,
        -:  129:	 double *radius_ptr,
        -:  130:	 int *radius_unit_ptr);
        -:  131:int             extmod(struct charac * p1, struct charac ** pp2);
        -:  132:int 
        -:  133:gaussel(struct charac * p1, struct charac ** pp2,
        -:  134:	double *anglee_ptr,
        -:  135:	double *angleh_ptr,
        -:  136:	int *angle_unit_ptr,
        -:  137:	double *tapere_ptr,
        -:  138:	double *taperh_ptr,
        -:  139:	int *taper_unit_ptr);
        -:  140:int 
        -:  141:cosinus(struct charac * p1, struct charac ** pp2,
        -:  142:	double *exp_ptr);
        -:  143:int 
        -:  144:modspec(struct charac * p1, struct charac ** pp2,
        -:  145:	int *model_ptr,
        -:  146:	double *exp_ptr,
        -:  147:	double *anglee_ptr,
        -:  148:	double *angleh_ptr,
        -:  149:	int *angle_unit_ptr,
        -:  150:	double *tapere_ptr,
        -:  151:	double *taperh_ptr,
        -:  152:	int *taper_unit_ptr);
        -:  153:int 
        -:  154:angval(struct charac * p1, struct charac ** pp2,
        -:  155:       double *angle_ptr,
        -:  156:       int *angle_unit_ptr);
        -:  157:int 
        -:  158:polor(struct charac * p1, struct charac ** pp2,
        -:  159:      double *phiangle_ptr,
        -:  160:      int *phiangle_unit_ptr);
        -:  161:int 
        -:  162:linpol(struct charac * p1, struct charac ** pp2,
        -:  163:       double *angle_ptr,
        -:  164:       int *angle_unit_ptr);
        -:  165:int 
        -:  166:circpol(struct charac * p1, struct charac ** pp2,
        -:  167:	int *direction_ptr);
        -:  168:int 
        -:  169:polspec(struct charac * p1, struct charac ** pp2,
        -:  170:	int *polarization_ptr,
        -:  171:	double *phepol_ptr,
        -:  172:	int *phepol_unit_ptr,
        -:  173:	int *direction_ptr);
        -:  174:int 
        -:  175:gainunit(struct charac * p1, struct charac ** pp2,
        -:  176:	 int *gain_unit_ptr);
        -:  177:int 
        -:  178:gainval(struct charac * p1, struct charac ** pp2,
        -:  179:	double *gain_ptr,
        -:  180:	int *gain_unit_ptr);
        -:  181:int 
        -:  182:gainspec(struct charac * p1, struct charac ** pp2,
        -:  183:	 double *gain_ptr,
        -:  184:	 int *gain_unit_ptr);
        -:  185:int 
        -:  186:sinelem(struct charac * p1, struct charac ** pp2,
        -:  187:	struct Elem ** elem_ptr);
        -:  188:int 
        -:  189:pshdef1(struct charac * p1, struct charac ** pp2,
        -:  190:	double *psh_ptr,
        -:  191:	int *psh_unit_ptr);
        -:  192:int 
        -:  193:pscdef1(struct charac * p1, struct charac ** pp2,
        -:  194:	double *psc_ptr,
        -:  195:	int *psc_unit_ptr);
        -:  196:int 
        -:  197:ppadef1(struct charac * p1, struct charac ** pp2,
        -:  198:	double *ppa_ptr,
        -:  199:	int *ppa_unit_ptr);
        -:  200:int 
        -:  201:polorbis(struct charac * p1, struct charac ** pp2,
        -:  202:	 double *phepol_ptr,
        -:  203:	 int *phepol_unit_ptr);
        -:  204:int 
        -:  205:ampval(struct charac * p1, struct charac ** pp2,
        -:  206:       double *amp_ptr,
        -:  207:       int *amp_unit_ptr);
        -:  208:int 
        -:  209:portamp(struct charac * p1, struct charac ** pp2,
        -:  210:	double *amp_ptr,
        -:  211:	int *amp_unit_ptr);
        -:  212:int 
        -:  213:portdef(struct charac * p1, struct charac ** pp2,
        -:  214:	struct Port * PORT_PTR,
        -:  215:	int *portnum_ptr);
        -:  216:int 
        -:  217:portspec(struct charac * p1, struct charac ** pp2,
        -:  218:	 int *nports_ptr,
        -:  219:	 struct Port ** port_ptr);
        -:  220:int 
        -:  221:elemdef(struct charac * p1, struct charac ** pp2,
        -:  222:	struct Elem ** elem_ptr);
        -:  223:int 
        -:  224:nodorien(struct charac * p1, struct charac ** pp2,
        -:  225:	 double *theta_ptr,
        -:  226:	 double *phi_ptr,
        -:  227:	 double *psi_ptr,
        -:  228:	 int *angle_unit_ptr);
        -:  229:int 
        -:  230:nodecoor(struct charac * p1, struct charac ** pp2,
        -:  231:	 int *pcoord_ptr,
        -:  232:	 int *qcoord_ptr);
        -:  233:int 
        -:  234:nodedef(struct charac * p1, struct charac ** pp2,
        -:  235:	struct Node ** node_ptr);
        -:  236:int 
        -:  237:blockdef(struct charac * p1, struct charac ** pp2,
        -:  238:	 struct Node ** node_ptr);
        -:  239:int 
        -:  240:adddef(struct charac * p1, struct charac ** pp2,
        -:  241:       struct AddRem ** addrem_ptr);
        -:  242:int 
        -:  243:remdef(struct charac * p1, struct charac ** pp2,
        -:  244:       struct AddRem ** addrem_ptr);
        -:  245:int 
        -:  246:adremdef(struct charac * p1, struct charac ** pp2,
        -:  247:	 struct AddRem ** addrem_ptr);
        -:  248:int 
        -:  249:grgeodef(struct charac * p1, struct charac ** pp2,
        -:  250:	 struct AddRem ** addrem_ptr);
        -:  251:int 
        -:  252:hexdef(struct charac * p1, struct charac ** pp2,
        -:  253:       struct Node ** node_ptr);
        -:  254:int 
        -:  255:polydef(struct charac * p1, struct charac ** pp2,
        -:  256:	struct Node ** node_ptr);
        -:  257:int 
        -:  258:greldef(struct charac * p1, struct charac ** pp2,
        -:  259:	struct Grid ** grid_ptr,
        -:  260:	struct Elem ** elem_ptr);
        -:  261:int 
        -:  262:secoramp(struct charac * p1, struct charac ** pp2,
        -:  263:	 double *centre_ptr,
        -:  264:	 double *p1_et_ptr,
        -:  265:	 double *p2_et_ptr,
        -:  266:	 double *q1_et_ptr,
        -:  267:	 double *q2_et_ptr,
        -:  268:	 int *amp_unit_ptr);
        -:  269:int 
        -:  270:unifamp(struct charac * p1, struct charac ** pp2,
        -:  271:	double *unif_val_ptr,
        -:  272:	int *amp_unit_ptr);
        -:  273:int 
        -:  274:grampexc(struct charac * p1, struct charac ** pp2,
        -:  275:	 struct GrAmpExc ** grampexc_ptr);
        -:  276:int 
        -:  277:angledir(struct charac * p1, struct charac ** pp2,
        -:  278:	 double *theta_ptr,
        -:  279:	 double *phi_ptr,
        -:  280:	 int *angle_unit_ptr);
        -:  281:int 
        -:  282:uvval(struct charac * p1,
        -:  283:      struct charac ** pp2, double *val_ptr);
        -:  284:int 
        -:  285:uvdir(struct charac * p1, struct charac ** pp2,
        -:  286:      double *u_ptr,
        -:  287:      double *v_ptr);
        -:  288:int 
        -:  289:beampha(struct charac * p1, struct charac ** pp2,
        -:  290:	double *u_ptr,
        -:  291:	double *v_ptr,
        -:  292:	double *theta_ptr,
        -:  293:	double *phi_ptr,
        -:  294:	int *angle_unit_ptr);
        -:  295:int 
        -:  296:phaserot(struct charac * p1, struct charac ** pp2,
        -:  297:	 double *phase_start_ptr,
        -:  298:	 double *phase_step_ptr,
        -:  299:	 int *phase_unit_ptr);
        -:  300:int 
        -:  301:anglerot(struct charac * p1, struct charac ** pp2,
        -:  302:	 double *angle_start_ptr,
        -:  303:	 double *angle_step_ptr,
        -:  304:	 int *angle_unit_ptr);
        -:  305:int 
        -:  306:serotdir(struct charac * p1, struct charac ** pp2,
        -:  307:	 int *direction_ptr);
        -:  308:int 
        -:  309:serotpar(struct charac * p1, struct charac ** pp2,
        -:  310:	 double *angle_start_ptr,
        -:  311:	 double *angle_step_ptr,
        -:  312:	 int *omit_phase_ptr,
        -:  313:	 double *phase_start_ptr,
        -:  314:	 double *phase_step_ptr,
        -:  315:	 int *angle_unit_ptr,
        -:  316:	 int *phase_unit_ptr);
        -:  317:int 
        -:  318:serotpha(struct charac * p1, struct charac ** pp2,
        -:  319:	 int *direction_ptr,
        -:  320:	 int *omit_angle_ptr,
        -:  321:	 double *angle_start_ptr,
        -:  322:	 double *angle_step_ptr,
        -:  323:	 int *omit_phase_ptr,
        -:  324:	 double *phase_start_ptr,
        -:  325:	 double *phase_step_ptr,
        -:  326:	 int *angle_unit_ptr,
        -:  327:	 int *phase_unit_ptr);
        -:  328:int 
        -:  329:secorpha(struct charac * p1, struct charac ** pp2,
        -:  330:	 double *centre_ptr,
        -:  331:	 double *p1_ep_ptr,
        -:  332:	 double *p2_ep_ptr,
        -:  333:	 double *q1_ep_ptr,
        -:  334:	 double *q2_ep_ptr,
        -:  335:	 int *phase_unit_ptr);
        -:  336:int 
        -:  337:unifpha(struct charac * p1, struct charac ** pp2,
        -:  338:	double *unif_val_ptr,
        -:  339:	int *phase_unit_ptr);
        -:  340:int 
        -:  341:grphaexc(struct charac * p1, struct charac ** pp2,
        -:  342:	 struct GrPhaExc ** grphaexc_ptr);
        -:  343:int 
        -:  344:grexcdef(struct charac * p1, struct charac ** pp2,
        -:  345:	 struct GrAmpExc ** grampexc_ptr,
        -:  346:	 struct GrPhaExc ** grphaexc_ptr);
        -:  347:int 
        -:  348:groupdef(struct charac * p1, struct charac ** pp2,
        -:  349:	 struct Group ** group_ptr);
        -:  350:
        -:  351:
        -:  352:
        -:  353:
        -:  354:
        -:  355:
        -:  356:
        -:  357:
        -:  358:int             intmin(int a, int b);
        -:  359:int             intmax(int a, int b);
        -:  360:double          doubmin(double a, double b);
        -:  361:double          doubmax(double a, double b);
        -:  362:double          dcos(double x);
        -:  363:double          dsin(double x);
        -:  364:double          dacos(double x);
        -:  365:double          dasin(double x);
        -:  366:double          datan(double x);
        -:  367:int             mmconv(double *x_ptr, int unit);
        -:  368:int             degconv(double *x_ptr, int unit);
        -:  369:int             linconv(double *x_ptr, int unit);
        -:  370:int             grwrite(struct Group * group_ptr, char filename[UNLEN + 1]);
        -:  371:
        -:  372:
        -:  373:int 
        -:  374:mksnode(struct AddRem * addrem_ptr,
        -:  375:	struct Geomnode ** first_node_ptr,
        -:  376:	struct Geomnode ** last_node_ptr,
        -:  377:	double pstep,
        -:  378:	double qstep,
        -:  379:	double angle,
        -:  380:	int *nodes_num_ptr,
        -:  381:	int elem_shape,
        -:  382:	double elem_pdim,
        -:  383:	double elem_qdim);
        -:  384:int 
        -:  385:mksblock(struct AddRem * addrem_ptr,
        -:  386:	 struct Geomnode ** first_node_ptr,
        -:  387:	 struct Geomnode ** last_node_ptr,
        -:  388:	 double pstep,
        -:  389:	 double qstep,
        -:  390:	 double angle,
        -:  391:	 int *nodes_num_ptr,
        -:  392:	 int elem_shape,
        -:  393:	 double elem_pdim,
        -:  394:	 double elem_qdim);
        -:  395:int 
        -:  396:mkshex(struct AddRem * addrem_ptr,
        -:  397:       struct Geomnode ** first_node_ptr,
        -:  398:       struct Geomnode ** last_node_ptr,
        -:  399:       double pstep,
        -:  400:       double qstep,
        -:  401:       double angle,
        -:  402:       int *nodes_num_ptr,
        -:  403:       int elem_shape,
        -:  404:       double elem_pdim,
        -:  405:       double elem_qdim);
        -:  406:int             addscan(struct Group * group_ptr);
        -:  407:int 
        -:  408:extremes(struct Geomnode * gnode_ptr,
        -:  409:	 int *pnum_ptr,
        -:  410:	 int *qnum_ptr);
        -:  411:int             simgroup(struct Group * group_ptr);
        -:  412:int             fixnodor(struct Node * node_ptr);
        -:  413:int             fixsgrel(struct Group * group_ptr);
        -:  414:int             fixsgrid(struct Grid * grid);
        -:  415:int             fixselem(struct Elem * elem);
        -:  416:int 
        -:  417:extsize(struct Geomnode * gnode_ptr,
        -:  418:	double elem_pdim,
        -:  419:	double elem_qdim,
        -:  420:	double *xsize_ptr,
        -:  421:	double *ysize_ptr);
        -:  422:int 
        -:  423:sgrrot(struct Geomnode * start_ptr,
        -:  424:       double XC,
        -:  425:       double YC,
        -:  426:       double phi);
        -:  427:int             fixgramp(struct GrAmpExc * g);
        -:  428:int             fixport(struct Elem * elem_ptr);
        -:  429:int 
        -:  430:sgrampun(struct GrAmpExc * grampexc_ptr,
        -:  431:	 struct Geomnode * gnode_ptr,
        -:  432:	 struct Port * port_ptr);
        -:  433:int             simamp(struct Group * group_ptr);
        -:  434:int 
        -:  435:pqlimits(struct Geomnode * gnode_ptr,
        -:  436:	 struct Geomnode ** pmin_ptr,
        -:  437:	 struct Geomnode ** pmax_ptr,
        -:  438:	 struct Geomnode ** qmin_ptr,
        -:  439:	 struct Geomnode ** qmax_ptr);
        -:  440:int 
        -:  441:sgramp2n(struct GrAmpExc * grampexc_ptr,
        -:  442:	 struct Geomnode * gnode_ptr,
        -:  443:	 struct Port * port_ptr,
        -:  444:	 int group_shape);
        -:  445:double 
        -:  446:secorder(double a,
        -:  447:	 double b,
        -:  448:	 double c,
        -:  449:	 double d,
        -:  450:	 double e,
        -:  451:	 double x,
        -:  452:	 double y);
        -:  453:int             simpol(struct Group * group_ptr);
        -:  454:int             simpha(struct Group * group_ptr);
        -:  455:int             fixgrpha(struct GrPhaExc * gphaexc_ptr);
        -:  456:int 
        -:  457:sgrphaun(struct GrPhaExc * grphaexc_ptr,
        -:  458:	 struct Geomnode * geomnode_ptr,
        -:  459:	 struct Port * port_ptr);
        -:  460:int 
        -:  461:sgrpha2n(struct GrPhaExc * grphaexc_ptr,
        -:  462:	 struct Geomnode * geomnode_ptr,
        -:  463:	 struct Port * port_ptr,
        -:  464:	 int group_shape);
        -:  465:int 
        -:  466:gnodfind(struct Geomnode * gnode_list_start_ptr,
        -:  467:	 struct Geomnode ** gnode_ptr,
        -:  468:	 int p,
        -:  469:	 int q);
        -:  470:void 
        -:  471:gnodevis(int p,
        -:  472:	 int q,
        -:  473:	 double angle,
        -:  474:	 double phase,
        -:  475:	 struct Geomnode * gnode_list_start_ptr);
        -:  476:void 
        -:  477:seqrotrg(double angle_start,
        -:  478:	 double angle_step,
        -:  479:	 double phase_start,
        -:  480:	 double phase_step,
        -:  481:	 struct Geomnode * g);
        -:  482:void 
        -:  483:seqrothg(double angle_start,
        -:  484:	 double angle_step,
        -:  485:	 double phase_start,
        -:  486:	 double phase_step,
        -:  487:	 struct Geomnode * g);
        -:  488:int             sgrphasr(struct Group * group_ptr);
        -:  489:
        -:  490:
        -:  491:
        -:  492:
        -:  493:
        -:  494:
        -:  495:
        -:  496:int 
function main called 1 returned 0% blocks executed 27%
        1:  497:main(int argc, char *argv[])
        1:  497-block  0
        -:  498:{
        -:  499:
        1:  500:	struct charac  *first = NULL, *last = NULL;
        1:  501:	struct charac  *cp = NULL;
        1:  502:	struct Group   *group_ptr = NULL;
        1:  503:	int             error = 0;
        -:  504:	char            fn[UNLEN + 1];
        -:  505:
        -:  506:
        1:  507:	if (argc != 2) {
        1:  507-block  0
branch  0 taken 0% (fallthrough)
branch  1 taken 100%
    #####:  508:		printf("\n\tUSAGE: %s [<source-file-name>]\n\n", "space.exe");
    $$$$$:  508-block  0
call    0 never executed
    #####:  509:		exit(1);
call    0 never executed
        -:  510:	}
        1:  511:	strcpy(GLOBLE_FILENAME, argv[1]);
        -:  512:
        -:  513:
        1:  514:	glvainit();
        1:  514-block  0
call    0 returned 100%
        -:  515:
        -:  516:
        1:  517:	nomefile(fn);
call    0 returned 100%
        1:  518:	if (readfil3(fn, &first, &last) != 0) {
call    0 returned 100%
branch  1 taken 100% (fallthrough)
branch  2 taken 0%
        1:  519:		exit(1);
        1:  519-block  0
call    0 returned 0%
        -:  520:	};
        -:  521:
        -:  522:
    #####:  523:	prnfile(first);
    $$$$$:  523-block  0
call    0 never executed
        -:  524:
        -:  525:
    #####:  526:	error = groupdef(first, &cp, &group_ptr);
call    0 never executed
    #####:  527:	waitcont();
call    0 never executed
    #####:  528:	if (error != 0) {
branch  0 never executed
branch  1 never executed
    #####:  529:		exit(1);
    $$$$$:  529-block  0
call    0 never executed
        -:  530:	};
        -:  531:
        -:  532:
    #####:  533:	if (error = simgroup(group_ptr)) {
    $$$$$:  533-block  0
call    0 never executed
branch  1 never executed
branch  2 never executed
        -:  534:
    #####:  535:		exit(1);
    $$$$$:  535-block  0
call    0 never executed
        -:  536:	};
        -:  537:
        -:  538:
    #####:  539:	if (error = simamp(group_ptr)) {
    $$$$$:  539-block  0
call    0 never executed
branch  1 never executed
branch  2 never executed
        -:  540:
    #####:  541:		exit(1);
    $$$$$:  541-block  0
call    0 never executed
        -:  542:	};
        -:  543:
        -:  544:
    #####:  545:	if (error = simpha(group_ptr)) {
    $$$$$:  545-block  0
call    0 never executed
branch  1 never executed
branch  2 never executed
        -:  546:
    #####:  547:		exit(1);
    $$$$$:  547-block  0
call    0 never executed
        -:  548:	};
        -:  549:
        -:  550:
    #####:  551:	simpol(group_ptr);
    $$$$$:  551-block  0
call    0 never executed
        -:  552:
    #####:  553:	waitcont();
call    0 never executed
        -:  554:
        -:  555:
        -:  556:
        -:  557:
        -:  558:
    #####:  559:	grwrite(group_ptr, fn);
call    0 never executed
        -:  560:
    #####:  561:}
        -:  562:
        -:  563:
        -:  564:
        -:  565:
        -:  566:int 
function adddef called 0 returned 0% blocks executed 0%
    #####:  567:adddef(struct charac * p1, struct charac ** pp2,
    $$$$$:  567-block  0
        -:  568:       struct AddRem ** addrem_ptr
        -:  569:)
        -:  570:{
        -:  571:
    #####:  572:	struct charac  *curr, **curr_ptr = &curr;
        -:  573:	int             error;
        -:  574:
    #####:  575:	struct Node    *no_ptr = NULL, **node_ptr = &no_ptr;
        -:  576:
        -:  577:
        -:  578:#ifdef DEBUG1
        -:  579:	printf("\nFunzione adddef()");
        -:  580:#endif
        -:  581:
        -:  582:
    #####:  583:	*curr_ptr = p1;
    #####:  584:	error = 0;
        -:  585:
        -:  586:
    #####:  587:	error = (GetKeyword(Keywords[79], curr_ptr));
    $$$$$:  587-block  0
call    0 never executed
    #####:  588:	if (error != 0) {
branch  0 never executed
branch  1 never executed
    #####:  589:		*addrem_ptr = NULL;
    #####:  590:		return 1;
    $$$$$:  590-block  0
        -:  591:	};
        -:  592:
        -:  593:
        -:  594:
        -:  595:
        -:  596:
        -:  597:
    #####:  598:	error = nodedef(*curr_ptr, curr_ptr, node_ptr);
    $$$$$:  598-block  0
call    0 never executed
        -:  599:
        -:  600:
    #####:  601:	if (error == 17) {
branch  0 never executed
branch  1 never executed
    #####:  602:		*addrem_ptr = NULL;
    #####:  603:		parserro(*curr_ptr, 58, " ");
    $$$$$:  603-block  0
call    0 never executed
        -:  604:
    #####:  605:		return 17;
        -:  606:	};
        -:  607:
        -:  608:
    #####:  609:	if (error == 0) {
    $$$$$:  609-block  0
branch  0 never executed
branch  1 never executed
        -:  610:
    #####:  611:		*addrem_ptr = (struct AddRem *) malloc(sizeof(struct AddRem));
        -:  612:
    #####:  613:		if (*addrem_ptr == NULL) {
    $$$$$:  613-block  0
branch  0 never executed
branch  1 never executed
    #####:  614:			parserro(*curr_ptr, 55, " ");
    $$$$$:  614-block  0
call    0 never executed
        -:  615:
    #####:  616:			interror("adddef()");
call    0 never executed
        -:  617:		};
        -:  618:
    #####:  619:		(*addrem_ptr)->ADDREM_TYPE = ADD_TYPE;
    #####:  620:		(*addrem_ptr)->BLOCK_TYPE = NODE_BLOCK;
    #####:  621:		(*addrem_ptr)->NODE_PTR = *node_ptr;
    #####:  622:		(*addrem_ptr)->NEXT = NULL;
        -:  623:
    #####:  624:		*pp2 = *curr_ptr;
    #####:  625:		return 0;
    $$$$$:  625-block  0
        -:  626:	};
        -:  627:
        -:  628:
        -:  629:
        -:  630:
        -:  631:
        -:  632:
        -:  633:
    #####:  634:	error = blockdef(*curr_ptr, curr_ptr, node_ptr);
    $$$$$:  634-block  0
call    0 never executed
        -:  635:
    #####:  636:	if (error == 17) {
branch  0 never executed
branch  1 never executed
    #####:  637:		*addrem_ptr = NULL;
    #####:  638:		parserro(*curr_ptr, 59, " ");
    $$$$$:  638-block  0
call    0 never executed
        -:  639:
    #####:  640:		return 17;
        -:  641:	};
        -:  642:
        -:  643:
    #####:  644:	if (error == 0) {
    $$$$$:  644-block  0
branch  0 never executed
branch  1 never executed
        -:  645:
    #####:  646:		*addrem_ptr = (struct AddRem *) malloc(sizeof(struct AddRem));
        -:  647:
    #####:  648:		if (*addrem_ptr == NULL) {
    $$$$$:  648-block  0
branch  0 never executed
branch  1 never executed
    #####:  649:			parserro(*curr_ptr, 55, " ");
    $$$$$:  649-block  0
call    0 never executed
        -:  650:
    #####:  651:			interror("adddef()");
call    0 never executed
        -:  652:		};
        -:  653:
    #####:  654:		(*addrem_ptr)->ADDREM_TYPE = ADD_TYPE;
    #####:  655:		(*addrem_ptr)->BLOCK_TYPE = BLOCK_BLOCK;
    #####:  656:		(*addrem_ptr)->NODE_PTR = *node_ptr;
    #####:  657:		(*addrem_ptr)->NEXT = NULL;
        -:  658:
    #####:  659:		*pp2 = *curr_ptr;
    #####:  660:		return 0;
    $$$$$:  660-block  0
        -:  661:	};
        -:  662:
        -:  663:
        -:  664:
        -:  665:
        -:  666:
    #####:  667:	error = polydef(*curr_ptr, curr_ptr, node_ptr);
    $$$$$:  667-block  0
call    0 never executed
        -:  668:
    #####:  669:	if (error == 17) {
branch  0 never executed
branch  1 never executed
    #####:  670:		*addrem_ptr = NULL;
    #####:  671:		parserro(*curr_ptr, 60, " ");
    $$$$$:  671-block  0
call    0 never executed
        -:  672:
    #####:  673:		return 17;
        -:  674:	};
        -:  675:
        -:  676:
    #####:  677:	if (error == 0) {
    $$$$$:  677-block  0
branch  0 never executed
branch  1 never executed
        -:  678:
    #####:  679:		*addrem_ptr = (struct AddRem *) malloc(sizeof(struct AddRem));
        -:  680:
    #####:  681:		if (*addrem_ptr == NULL) {
    $$$$$:  681-block  0
branch  0 never executed
branch  1 never executed
    #####:  682:			parserro(*curr_ptr, 55, " ");
    $$$$$:  682-block  0
call    0 never executed
        -:  683:
    #####:  684:			interror("adddef()");
call    0 never executed
        -:  685:		};
        -:  686:
    #####:  687:		(*addrem_ptr)->ADDREM_TYPE = ADD_TYPE;
    #####:  688:		(*addrem_ptr)->BLOCK_TYPE = POLY_BLOCK;
    #####:  689:		(*addrem_ptr)->NODE_PTR = *node_ptr;
    #####:  690:		(*addrem_ptr)->NEXT = NULL;
        -:  691:
    #####:  692:		*pp2 = *curr_ptr;
    #####:  693:		return 0;
    $$$$$:  693-block  0
        -:  694:	};
        -:  695:
        -:  696:
        -:  697:
        -:  698:
        -:  699:
    #####:  700:	error = hexdef(*curr_ptr, curr_ptr, node_ptr);
    $$$$$:  700-block  0
call    0 never executed
        -:  701:
    #####:  702:	if (error == 17) {
branch  0 never executed
branch  1 never executed
    #####:  703:		*addrem_ptr = NULL;
    #####:  704:		parserro(*curr_ptr, 61, " ");
    $$$$$:  704-block  0
call    0 never executed
        -:  705:
    #####:  706:		return 17;
        -:  707:	};
        -:  708:
        -:  709:
    #####:  710:	if (error == 0) {
    $$$$$:  710-block  0
branch  0 never executed
branch  1 never executed
        -:  711:
    #####:  712:		*addrem_ptr = (struct AddRem *) malloc(sizeof(struct AddRem));
        -:  713:
    #####:  714:		if (*addrem_ptr == NULL) {
    $$$$$:  714-block  0
branch  0 never executed
branch  1 never executed
    #####:  715:			parserro(*curr_ptr, 55, " ");
    $$$$$:  715-block  0
call    0 never executed
        -:  716:
    #####:  717:			interror("adddef()");
call    0 never executed
        -:  718:		};
        -:  719:
    #####:  720:		(*addrem_ptr)->ADDREM_TYPE = ADD_TYPE;
    #####:  721:		(*addrem_ptr)->BLOCK_TYPE = HEX_BLOCK;
    #####:  722:		(*addrem_ptr)->NODE_PTR = *node_ptr;
    #####:  723:		(*addrem_ptr)->NEXT = NULL;
        -:  724:
    #####:  725:		*pp2 = *curr_ptr;
    #####:  726:		return 0;
    $$$$$:  726-block  0
        -:  727:	};
        -:  728:
        -:  729:
        -:  730:
        -:  731:
    #####:  732:	*addrem_ptr = NULL;
    #####:  733:	parserro(*curr_ptr, 62, " ");
    $$$$$:  733-block  0
call    0 never executed
        -:  734:
    #####:  735:	return 17;
    $$$$$:  735-block  0
        -:  736:}
        -:  737:
        -:  738:
        -:  739:
        -:  740:
        -:  741:int 
function addscan called 0 returned 0% blocks executed 0%
    #####:  742:addscan(struct Group * group_ptr)
    $$$$$:  742-block  0
        -:  743:{
        -:  744:
    #####:  745:	struct AddRem  *add_ptr = NULL;
    #####:  746:	struct Geomnode *ap1_ptr = NULL, **app1_ptr = &ap1_ptr, *ap2_ptr = NULL, **app2_ptr = &ap2_ptr;
    #####:  747:	struct Geomnode *primo_ptr = NULL, *ultimo_ptr = NULL;
        -:  748:
    #####:  749:	int             new_nodes = 0, *new_nodes_ptr = &new_nodes;
    #####:  750:	int             pnum = 0, *pnum_ptr = &pnum, qnum = 0, *qnum_ptr = &qnum;
        -:  751:
        -:  752:
        -:  753:	int             elem_shape;
        -:  754:	double          elem_pdim, elem_qdim;
        -:  755:
        -:  756:	double          pstep, qstep, angle, rot_angle;
        -:  757:
        -:  758:	int             nodes_num, group_shape;
    #####:  759:	double          group_psize, group_qsize, *group_psize_ptr = &group_psize, *group_qsize_ptr = &group_qsize;
        -:  760:
        -:  761:#ifdef DEBUG1
        -:  762:	printf("\nFunzione addscan()");
        -:  763:#endif
        -:  764:
        -:  765:
    #####:  766:	pstep = (group_ptr->GRID_PTR)->PSTEP;
    #####:  767:	qstep = (group_ptr->GRID_PTR)->QSTEP;
    #####:  768:	angle = (group_ptr->GRID_PTR)->ANGLE;
    #####:  769:	rot_angle = (group_ptr->GRID_PTR)->ROT_ANGLE;
    #####:  770:	elem_pdim = (group_ptr->ELEM_PTR)->PDIM;
    #####:  771:	elem_qdim = (group_ptr->ELEM_PTR)->QDIM;
        -:  772:
    #####:  773:	if ((group_ptr->ELEM_PTR)->GEOMETRY == RECTANGULAR_ELEM) {
    $$$$$:  773-block  0
branch  0 never executed
branch  1 never executed
    #####:  774:		elem_shape = RECTAN_SHAPE;
    $$$$$:  774-block  0
        -:  775:	} else {
    #####:  776:		elem_shape = CIRCUL_SHAPE;
    $$$$$:  776-block  0
        -:  777:	};
        -:  778:
    #####:  779:	add_ptr = (group_ptr->ADDREM_PTR);
        -:  780:
        -:  781:
    #####:  782:	nodes_num = 0;
    #####:  783:	group_shape = NO_SHAPE;
        -:  784:
        -:  785:
    #####:  786:	while (add_ptr != NULL) {
    $$$$$:  786-block  0
    $$$$$:  786-block  1
branch  0 never executed
branch  1 never executed
        -:  787:
        -:  788:#ifdef DEBUG5
        -:  789:		printf("\nStruttura /p", add_ptr);
        -:  790:#endif
        -:  791:
        -:  792:
    #####:  793:		if (add_ptr->ADDREM_TYPE == REM_TYPE) {
    $$$$$:  793-block  0
branch  0 never executed
branch  1 never executed
        -:  794:
    #####:  795:			group_shape = IRR_SHAPE;
        -:  796:
    #####:  797:			add_ptr = add_ptr->NEXT;
        -:  798:
    #####:  799:			continue;
    $$$$$:  799-block  0
        -:  800:		};
        -:  801:
        -:  802:
        -:  803:#ifdef DEBUG5
        -:  804:		printf("\nCreo blocco");
        -:  805:#endif
        -:  806:
    #####:  807:		switch (add_ptr->BLOCK_TYPE) {
    $$$$$:  807-block  0
branch  0 never executed
branch  1 never executed
branch  2 never executed
branch  3 never executed
branch  4 never executed
        -:  808:
        -:  809:		case NODE_BLOCK:
    #####:  810:			mksnode(add_ptr, app1_ptr, app2_ptr, pstep, qstep, angle, new_nodes_ptr, elem_shape, elem_pdim, elem_qdim);
    $$$$$:  810-block  0
call    0 never executed
        -:  811:
    #####:  812:			if (group_shape == NO_SHAPE) {
branch  0 never executed
branch  1 never executed
    #####:  813:				if ((group_ptr->ELEM_PTR)->GEOMETRY == RECTANGULAR_ELEM)
    $$$$$:  813-block  0
branch  0 never executed
branch  1 never executed
    #####:  814:					group_shape = RECTAN_SHAPE;
    $$$$$:  814-block  0
        -:  815:				else
    #####:  816:					group_shape = CIRCUL_SHAPE;
    $$$$$:  816-block  0
    $$$$$:  816-block  1
        -:  817:			} else
    #####:  818:				group_shape = IRR_SHAPE;
    $$$$$:  818-block  0
    #####:  819:			break;
    $$$$$:  819-block  0
        -:  820:
        -:  821:		case BLOCK_BLOCK:
    #####:  822:			mksblock(add_ptr, app1_ptr, app2_ptr, pstep, qstep, angle, new_nodes_ptr, elem_shape, elem_pdim, elem_qdim);
    $$$$$:  822-block  0
call    0 never executed
        -:  823:
    #####:  824:			if ((group_shape == NO_SHAPE) && (angle == 90)) {
branch  0 never executed
branch  1 never executed
    $$$$$:  824-block  0
branch  2 never executed
branch  3 never executed
    #####:  825:				group_shape = RECTAN_SHAPE;
    $$$$$:  825-block  0
        -:  826:			} else
    #####:  827:				group_shape = IRR_SHAPE;
    $$$$$:  827-block  0
    #####:  828:			break;
    $$$$$:  828-block  0
        -:  829:
        -:  830:		case POLY_BLOCK:
    #####:  831:			printf("\nFunzione  mkpoly() non disponibile. ");
    $$$$$:  831-block  0
call    0 never executed
        -:  832:			
    #####:  833:			exit(1);
call    0 never executed
        -:  834:			break;
        -:  835:
        -:  836:		case HEX_BLOCK:
    #####:  837:			if (elem_shape != CIRCUL_SHAPE) {
    $$$$$:  837-block  0
branch  0 never executed
branch  1 never executed
    #####:  838:				printf("%s", ErrorMessages[7]);
    $$$$$:  838-block  0
call    0 never executed
    #####:  839:				return 7;
        -:  840:			}
    #####:  841:			mkshex(add_ptr, app1_ptr, app2_ptr, pstep, qstep, angle, new_nodes_ptr, elem_shape, elem_pdim, elem_qdim);
    $$$$$:  841-block  0
call    0 never executed
    #####:  842:			if (group_shape == NO_SHAPE)
branch  0 never executed
branch  1 never executed
    #####:  843:				group_shape = CIRCUL_SHAPE;
    $$$$$:  843-block  0
        -:  844:			else
    #####:  845:				group_shape = IRR_SHAPE;
    $$$$$:  845-block  0
    #####:  846:			break;
    $$$$$:  846-block  0
        -:  847:
        -:  848:		default:
    #####:  849:			interror("addscan() -1- ");
    $$$$$:  849-block  0
call    0 never executed
        -:  850:		};
        -:  851:
        -:  852:
    #####:  853:		nodes_num = nodes_num + *new_nodes_ptr;
        -:  854:
        -:  855:#ifdef DEBUG5
        -:  856:		printf("\n%d nodes created.", nodes_num);
        -:  857:#endif
        -:  858:
        -:  859:
        -:  860:
        -:  861:
    #####:  862:		if (primo_ptr == NULL)
    $$$$$:  862-block  0
branch  0 never executed
branch  1 never executed
    #####:  863:			primo_ptr = *app1_ptr;
    $$$$$:  863-block  0
        -:  864:		else
    #####:  865:			ultimo_ptr->NEXT = *app1_ptr;
    $$$$$:  865-block  0
        -:  866:
        -:  867:
    #####:  868:		ultimo_ptr = *app2_ptr;
        -:  869:
    #####:  870:		ultimo_ptr->NEXT = NULL;
        -:  871:
        -:  872:
    #####:  873:		add_ptr = add_ptr->NEXT;
    $$$$$:  873-block  0
        -:  874:
        -:  875:	};
        -:  876:
        -:  877:
    #####:  878:	if (rot_angle != 0) {
    $$$$$:  878-block  0
branch  0 never executed
branch  1 never executed
    #####:  879:		sgrrot(primo_ptr, 0, 0, rot_angle);
    $$$$$:  879-block  0
call    0 never executed
    #####:  880:		group_shape = IRR_SHAPE;
        -:  881:	};
        -:  882:
        -:  883:
        -:  884:
    #####:  885:	if (group_shape == CIRCUL_SHAPE) {
    $$$$$:  885-block  0
branch  0 never executed
branch  1 never executed
    #####:  886:		group_psize = 2 * pstep + 2 * (elem_pdim / 2);
    #####:  887:		group_qsize = group_psize;
    $$$$$:  887-block  0
    #####:  888:	} else if (group_shape == RECTAN_SHAPE) {
    $$$$$:  888-block  0
branch  0 never executed
branch  1 never executed
        -:  889:
    #####:  890:		extremes(primo_ptr, pnum_ptr, qnum_ptr);
    $$$$$:  890-block  0
call    0 never executed
        -:  891:
    #####:  892:		group_psize = ((*pnum_ptr) - 1) * (pstep) + (2 * (elem_pdim / 2));
    #####:  893:		group_qsize = ((*qnum_ptr) - 1) * (qstep) + (2 * (elem_qdim / 2));
        -:  894:	} else {
    #####:  895:		extsize(primo_ptr, elem_pdim, elem_qdim, group_psize_ptr, group_qsize_ptr);
    $$$$$:  895-block  0
call    0 never executed
        -:  896:	};
        -:  897:
        -:  898:
    #####:  899:	group_ptr->NUM_OF_NODES = nodes_num;
    #####:  900:	group_ptr->SHAPE = group_shape;
    #####:  901:	group_ptr->PSIZE = group_psize;
    #####:  902:	group_ptr->QSIZE = group_qsize;
    #####:  903:	group_ptr->GEOMNODE_PTR = primo_ptr;
        -:  904:
    #####:  905:	return 0;
    $$$$$:  905-block  0
    $$$$$:  905-block  1
        -:  906:}
        -:  907:
        -:  908:
        -:  909:
        -:  910:
        -:  911:
        -:  912:
        -:  913:
        -:  914:
        -:  915:
        -:  916:
        -:  917:
        -:  918:
        -:  919:
        -:  920:int 
function adremdef called 0 returned 0% blocks executed 0%
    #####:  921:adremdef(struct charac * p1, struct charac ** pp2,
    $$$$$:  921-block  0
        -:  922:	 struct AddRem ** addrem_ptr
        -:  923:)
        -:  924:{
        -:  925:
    #####:  926:	struct charac  *curr, **curr_ptr = &curr;
        -:  927:	int             error;
        -:  928:
        -:  929:
        -:  930:#ifdef DEBUG1
        -:  931:	printf("\nFunzione adremdef()");
        -:  932:#endif
        -:  933:
        -:  934:
    #####:  935:	*curr_ptr = p1;
    #####:  936:	error = 0;
        -:  937:
        -:  938:
        -:  939:
        -:  940:
    #####:  941:	*addrem_ptr = NULL;
        -:  942:
        -:  943:
        -:  944:
        -:  945:
        -:  946:
    #####:  947:	error = adddef(*curr_ptr, curr_ptr, addrem_ptr);
    $$$$$:  947-block  0
call    0 never executed
        -:  948:
    #####:  949:	if (error == 0) {
branch  0 never executed
branch  1 never executed
    #####:  950:		*pp2 = *curr_ptr;
    #####:  951:		return 0;
    $$$$$:  951-block  0
        -:  952:	};
        -:  953:
    #####:  954:	if (error == 17) {
    $$$$$:  954-block  0
branch  0 never executed
branch  1 never executed
    #####:  955:		printf("\n%s", ErrorMessages[62]);
    $$$$$:  955-block  0
call    0 never executed
    #####:  956:		return 17;
        -:  957:	};
        -:  958:
        -:  959:
    #####:  960:	if (error == 1) {
    $$$$$:  960-block  0
branch  0 never executed
branch  1 never executed
    #####:  961:		error = remdef(*curr_ptr, curr_ptr, addrem_ptr);
    $$$$$:  961-block  0
call    0 never executed
        -:  962:	};
        -:  963:
    #####:  964:	if (error == 0) {
    $$$$$:  964-block  0
branch  0 never executed
branch  1 never executed
    #####:  965:		*pp2 = *curr_ptr;
    #####:  966:		return 0;
    $$$$$:  966-block  0
        -:  967:	};
        -:  968:
    #####:  969:	if (error == 17) {
    $$$$$:  969-block  0
branch  0 never executed
branch  1 never executed
    #####:  970:		printf("\n%s", ErrorMessages[63]);
    $$$$$:  970-block  0
call    0 never executed
    #####:  971:		return 17;
        -:  972:	};
        -:  973:
    #####:  974:	if (error == 1) {
    $$$$$:  974-block  0
branch  0 never executed
branch  1 never executed
    #####:  975:		return 1;
    $$$$$:  975-block  0
        -:  976:	};
    #####:  977:	return 17;
    $$$$$:  977-block  0
    $$$$$:  977-block  1
        -:  978:}
        -:  979:
        -:  980:
        -:  981:
        -:  982:int 
function ampunit called 0 returned 0% blocks executed 0%
    #####:  983:ampunit(struct charac ** tp, int *unit_ptr)
    $$$$$:  983-block  0
        -:  984:{
        -:  985:
        -:  986:	struct charac  *curr, **curr_ptr;
        -:  987:
        -:  988:#ifdef DEBUG1
        -:  989:	printf("\nFunzione ampunit()");
        -:  990:#endif
        -:  991:
        -:  992:
    #####:  993:	curr_ptr = &curr;
    #####:  994:	*curr_ptr = *tp;
        -:  995:
        -:  996:
    #####:  997:	*unit_ptr = 0;
    #####:  998:	if (GetKeyword(Keywords[15], curr_ptr) == 0)
    $$$$$:  998-block  0
call    0 never executed
branch  1 never executed
branch  2 never executed
    #####:  999:		*unit_ptr = LINEAR_UNIT;
    $$$$$:  999-block  0
    #####: 1000:	else if (GetKeyword(Keywords[63], curr_ptr) == 0)
    $$$$$: 1000-block  0
call    0 never executed
branch  1 never executed
branch  2 never executed
    #####: 1001:		*unit_ptr = POWER_UNIT;
    $$$$$: 1001-block  0
    #####: 1002:	else if (GetKeyword(Keywords[64], curr_ptr) == 0)
    $$$$$: 1002-block  0
call    0 never executed
branch  1 never executed
branch  2 never executed
    #####: 1003:		*unit_ptr = DB_UNIT;
    $$$$$: 1003-block  0
        -: 1004:	else
    #####: 1005:		return 1;
    $$$$$: 1005-block  0
        -: 1006:
        -: 1007:
        -: 1008:
    #####: 1009:	*tp = *curr_ptr;
    #####: 1010:	return 0;
    $$$$$: 1010-block  0
    $$$$$: 1010-block  1
        -: 1011:}
        -: 1012:
        -: 1013:
        -: 1014:
        -: 1015:
        -: 1016:
        -: 1017:int 
function ampval called 0 returned 0% blocks executed 0%
    #####: 1018:ampval(struct charac * p1, struct charac ** pp2,
    $$$$$: 1018-block  0
        -: 1019:       double *amp_ptr,
        -: 1020:       int *amp_unit_ptr)
        -: 1021:{
        -: 1022:
    #####: 1023:	struct charac  *curr, **curr_ptr = &curr;
        -: 1024:	int             error;
        -: 1025:
        -: 1026:#ifdef DEBUG1
        -: 1027:	printf("\nFunzione ampval()");
        -: 1028:#endif
        -: 1029:
        -: 1030:
    #####: 1031:	*curr_ptr = p1;
    #####: 1032:	error = 0;
        -: 1033:
        -: 1034:
    #####: 1035:	error = (GetReal(amp_ptr, curr_ptr));
    $$$$$: 1035-block  0
call    0 never executed
    #####: 1036:	if (error != 0) {
branch  0 never executed
branch  1 never executed
    #####: 1037:		return 1;
    $$$$$: 1037-block  0
        -: 1038:	};
        -: 1039:
        -: 1040:
    #####: 1041:	error = ampunit(curr_ptr, amp_unit_ptr);
    $$$$$: 1041-block  0
call    0 never executed
        -: 1042:#ifdef DEBUG5
        -: 1043:	printf("Unità di misura guadagno trovata amp_unit=%d\n", *amp_unit_ptr);
        -: 1044:#endif
    #####: 1045:	if (error != 0)
branch  0 never executed
branch  1 never executed
    #####: 1046:		*amp_unit_ptr = LINEAR_UNIT;
    $$$$$: 1046-block  0
        -: 1047:
        -: 1048:
    #####: 1049:	*pp2 = *curr_ptr;
    #####: 1050:	return 0;
    $$$$$: 1050-block  0
    $$$$$: 1050-block  1
        -: 1051:}
        -: 1052:
        -: 1053:
        -: 1054:int 
function angclaus called 0 returned 0% blocks executed 0%
    #####: 1055:angclaus(struct charac * p1,
    $$$$$: 1055-block  0
        -: 1056:	 struct charac ** pp2, double *angle_ptr, int *angle_unit_ptr)
        -: 1057:{
        -: 1058:
    #####: 1059:	struct charac  *curr, **curr_ptr = &curr;
        -: 1060:	int             error;
        -: 1061:
        -: 1062:
    #####: 1063:	*curr_ptr = p1;
        -: 1064:
        -: 1065:
    #####: 1066:	error = 0;
    #####: 1067:	*angle_ptr = 0;
    #####: 1068:	*angle_unit_ptr = 0;
        -: 1069:
        -: 1070:
    #####: 1071:	error = (GetKeyword(Keywords[23], curr_ptr));
    $$$$$: 1071-block  0
call    0 never executed
    #####: 1072:	if (error != 0) {
branch  0 never executed
branch  1 never executed
    #####: 1073:		return 1;
    $$$$$: 1073-block  0
        -: 1074:	};
        -: 1075:
        -: 1076:
    #####: 1077:	error = (GetReal(angle_ptr, curr_ptr));
    $$$$$: 1077-block  0
call    0 never executed
    #####: 1078:	if (error != 0) {
branch  0 never executed
branch  1 never executed
    #####: 1079:		*angle_ptr = 0;
    #####: 1080:		return 19;
    $$$$$: 1080-block  0
        -: 1081:	};
        -: 1082:
        -: 1083:
        -: 1084:
    #####: 1085:	error = angunit(*curr_ptr, curr_ptr, angle_unit_ptr);
    $$$$$: 1085-block  0
call    0 never executed
    #####: 1086:	if (error != 0)
branch  0 never executed
branch  1 never executed
    #####: 1087:		*angle_unit_ptr = 0;
    $$$$$: 1087-block  0
        -: 1088:
        -: 1089:
    #####: 1090:	*pp2 = *curr_ptr;
    #####: 1091:	return 0;
    $$$$$: 1091-block  0
    $$$$$: 1091-block  1
        -: 1092:}
        -: 1093:
        -: 1094:
        -: 1095:
        -: 1096:
        -: 1097:
        -: 1098:
        -: 1099:
        -: 1100:
        -: 1101:
        -: 1102:
        -: 1103:
        -: 1104:
        -: 1105:int 
function angledir called 0 returned 0% blocks executed 0%
    #####: 1106:angledir(struct charac * p1, struct charac ** pp2,
    $$$$$: 1106-block  0
        -: 1107:	 double *theta_ptr,
        -: 1108:	 double *phi_ptr,
        -: 1109:	 int *angle_unit_ptr
        -: 1110:)
        -: 1111:{
        -: 1112:
    #####: 1113:	struct charac  *curr, **curr_ptr = &curr;
        -: 1114:	int             error;
        -: 1115:
        -: 1116:#ifdef DEBUG1
        -: 1117:	printf("Funzione angledir()\n");
        -: 1118:#endif
        -: 1119:
        -: 1120:
    #####: 1121:	*curr_ptr = p1;
        -: 1122:
        -: 1123:
    #####: 1124:	error = 0;
        -: 1125:
        -: 1126:
    #####: 1127:	error = (GetKeyword(Keywords[70], curr_ptr));
    $$$$$: 1127-block  0
call    0 never executed
    #####: 1128:	if (error != 0) {
branch  0 never executed
branch  1 never executed
    #####: 1129:		return 1;
    $$$$$: 1129-block  0
        -: 1130:	};
        -: 1131:
        -: 1132:
    #####: 1133:	error = (GetReal(theta_ptr, curr_ptr));
    $$$$$: 1133-block  0
call    0 never executed
    #####: 1134:	if (error != 0) {
branch  0 never executed
branch  1 never executed
    #####: 1135:		parserro(*curr_ptr, 73, " ");
    $$$$$: 1135-block  0
call    0 never executed
        -: 1136:
    #####: 1137:		return 17;
        -: 1138:	};
        -: 1139:
        -: 1140:
    #####: 1141:	error = (GetKeyword(Keywords[71], curr_ptr));
    $$$$$: 1141-block  0
call    0 never executed
    #####: 1142:	if (error != 0) {
branch  0 never executed
branch  1 never executed
    #####: 1143:		parserro(*curr_ptr, 1, Keywords[71]);
    $$$$$: 1143-block  0
call    0 never executed
    #####: 1144:		return 17;
        -: 1145:	};
        -: 1146:
        -: 1147:
    #####: 1148:	error = angval(*curr_ptr, curr_ptr, phi_ptr, angle_unit_ptr);
    $$$$$: 1148-block  0
call    0 never executed
    #####: 1149:	if (error != 0) {
branch  0 never executed
branch  1 never executed
    #####: 1150:		parserro(*curr_ptr, 73, " ");
    $$$$$: 1150-block  0
call    0 never executed
        -: 1151:
    #####: 1152:		return 17;
        -: 1153:	};
        -: 1154:
        -: 1155:#ifdef DEBUG5
        -: 1156:	printf("Unità di misura trovata angle_unit=%d\n", *angle_unit_ptr);
        -: 1157:#endif
        -: 1158:
        -: 1159:
    #####: 1160:	*pp2 = *curr_ptr;
    #####: 1161:	return 0;
    $$$$$: 1161-block  0
    $$$$$: 1161-block  1
        -: 1162:}
        -: 1163:
        -: 1164:
        -: 1165:
        -: 1166:
        -: 1167:
        -: 1168:int 
function anglerot called 0 returned 0% blocks executed 0%
    #####: 1169:anglerot(struct charac * p1, struct charac ** pp2,
    $$$$$: 1169-block  0
        -: 1170:	 double *angle_start_ptr,
        -: 1171:	 double *angle_step_ptr,
        -: 1172:	 int *angle_unit_ptr
        -: 1173:)
        -: 1174:{
        -: 1175:
    #####: 1176:	struct charac  *curr, **curr_ptr = &curr;
        -: 1177:	int             error;
        -: 1178:
        -: 1179:#ifdef DEBUG1
        -: 1180:	printf("\nFunzione anglerot()");
        -: 1181:#endif
        -: 1182:
        -: 1183:
    #####: 1184:	*curr_ptr = p1;
        -: 1185:
        -: 1186:
    #####: 1187:	error = 0;
        -: 1188:
        -: 1189:
    #####: 1190:	error = (GetKeyword(Keywords[23], curr_ptr));
    $$$$$: 1190-block  0
call    0 never executed
    #####: 1191:	if (error != 0) {
branch  0 never executed
branch  1 never executed
    #####: 1192:		return 1;
    $$$$$: 1192-block  0
        -: 1193:	};
        -: 1194:
        -: 1195:
    #####: 1196:	error = (GetKeyword(Keywords[95], curr_ptr));
    $$$$$: 1196-block  0
call    0 never executed
    #####: 1197:	error = 0;
        -: 1198:
        -: 1199:
    #####: 1200:	error = (GetReal(angle_start_ptr, curr_ptr));
call    0 never executed
    #####: 1201:	if (error != 0) {
branch  0 never executed
branch  1 never executed
    #####: 1202:		parserro(*curr_ptr, 75, " ");
    $$$$$: 1202-block  0
call    0 never executed
        -: 1203:
    #####: 1204:		return 17;
        -: 1205:	};
        -: 1206:
        -: 1207:
    #####: 1208:	error = (GetKeyword(Keywords[16], curr_ptr));
    $$$$$: 1208-block  0
call    0 never executed
    #####: 1209:	error = 0;
        -: 1210:
        -: 1211:
    #####: 1212:	error = angval(*curr_ptr, curr_ptr, angle_step_ptr, angle_unit_ptr);
call    0 never executed
    #####: 1213:	if (error != 0) {
branch  0 never executed
branch  1 never executed
    #####: 1214:		parserro(*curr_ptr, 75, " ");
    $$$$$: 1214-block  0
call    0 never executed
        -: 1215:
    #####: 1216:		return 17;
        -: 1217:	};
        -: 1218:
        -: 1219:#ifdef DEBUG5
        -: 1220:	printf("Unità di misura trovata *angle_unit_ptr=%d\n", *angle_unit_ptr);
        -: 1221:#endif
        -: 1222:
        -: 1223:
    #####: 1224:	*pp2 = *curr_ptr;
    #####: 1225:	return 0;
    $$$$$: 1225-block  0
    $$$$$: 1225-block  1
        -: 1226:}
        -: 1227:
        -: 1228:
        -: 1229:
        -: 1230:
        -: 1231:int 
function angstep called 0 returned 0% blocks executed 0%
    #####: 1232:angstep(struct charac * p1,
    $$$$$: 1232-block  0
        -: 1233:	struct charac ** pp2, double *angle_ptr, int *angle_unit_ptr,
        -: 1234:	double *pstep_ptr, double *qstep_ptr, int *pqstep_unit_ptr)
        -: 1235:{
        -: 1236:
    #####: 1237:	struct charac  *curr, **curr_ptr = &curr;
        -: 1238:	int             error1, error2;
        -: 1239:
        -: 1240:
    #####: 1241:	*curr_ptr = p1;
        -: 1242:
        -: 1243:
    #####: 1244:	error1 = 0;
    #####: 1245:	error2 = 0;
    #####: 1246:	*angle_ptr = 0;
    #####: 1247:	*angle_unit_ptr = 0;
    #####: 1248:	*pstep_ptr = 0;
    #####: 1249:	*qstep_ptr = 0;
    #####: 1250:	*pqstep_unit_ptr = 0;
        -: 1251:
        -: 1252:
        -: 1253:
        -: 1254:
    #####: 1255:	error1 = angclaus(*curr_ptr, curr_ptr, angle_ptr, angle_unit_ptr);
    $$$$$: 1255-block  0
call    0 never executed
    #####: 1256:	if (error1 == 1) {
branch  0 never executed
branch  1 never executed
    #####: 1257:		*angle_ptr = 0;
    #####: 1258:		*angle_unit_ptr = 0;
    $$$$$: 1258-block  0
        -: 1259:	};
        -: 1260:
        -: 1261:
    #####: 1262:	error2 = doubstep(*curr_ptr, curr_ptr, pstep_ptr, qstep_ptr, pqstep_unit_ptr);
    $$$$$: 1262-block  0
call    0 never executed
        -: 1263:
        -: 1264:
    #####: 1265:	if ((error1 == 1) && (error2 == 1)) {
branch  0 never executed
branch  1 never executed
    $$$$$: 1265-block  0
branch  2 never executed
branch  3 never executed
    #####: 1266:		*angle_ptr = 0;
    #####: 1267:		*angle_unit_ptr = 0;
    #####: 1268:		*pstep_ptr = 0;
    #####: 1269:		*qstep_ptr = 0;
    #####: 1270:		*pqstep_unit_ptr = 0;
    #####: 1271:		return 1;
    $$$$$: 1271-block  0
        -: 1272:	};
        -: 1273:
        -: 1274:
    #####: 1275:	if (error2 != 0) {
    $$$$$: 1275-block  0
branch  0 never executed
branch  1 never executed
    #####: 1276:		parserro(*curr_ptr, error2, " ");
    $$$$$: 1276-block  0
call    0 never executed
        -: 1277:
    #####: 1278:		*angle_ptr = 0;
    #####: 1279:		*angle_unit_ptr = 0;
    #####: 1280:		*pstep_ptr = 0;
    #####: 1281:		*qstep_ptr = 0;
    #####: 1282:		*pqstep_unit_ptr = 0;
    #####: 1283:		return 17;
        -: 1284:	};
        -: 1285:
        -: 1286:
        -: 1287:
        -: 1288:
    #####: 1289:	*pp2 = *curr_ptr;
    #####: 1290:	return 0;
    $$$$$: 1290-block  0
    $$$$$: 1290-block  1
        -: 1291:}
        -: 1292:
        -: 1293:
        -: 1294:
        -: 1295:int 
function angunit called 0 returned 0% blocks executed 0%
    #####: 1296:angunit(struct charac * p1,
    $$$$$: 1296-block  0
        -: 1297:	struct charac ** pp2, int *angle_unit_ptr)
        -: 1298:{
        -: 1299:
    #####: 1300:	struct charac  *curr, **curr_ptr = &curr;
        -: 1301:
        -: 1302:#ifdef DEBUG1
        -: 1303:	printf("\nFunzione angunit()");
        -: 1304:#endif
        -: 1305:
        -: 1306:
    #####: 1307:	*curr_ptr = p1;
        -: 1308:
        -: 1309:
        -: 1310:
    #####: 1311:	*angle_unit_ptr = 0;
    #####: 1312:	if (GetKeyword(Keywords[51], curr_ptr) == 0)
    $$$$$: 1312-block  0
call    0 never executed
branch  1 never executed
branch  2 never executed
    #####: 1313:		*angle_unit_ptr = 0;
    $$$$$: 1313-block  0
    #####: 1314:	else if (GetKeyword(Keywords[52], curr_ptr) == 0)
    $$$$$: 1314-block  0
call    0 never executed
branch  1 never executed
branch  2 never executed
    #####: 1315:		*angle_unit_ptr = 1;
    $$$$$: 1315-block  0
        -: 1316:	else
    #####: 1317:		return 20;
    $$$$$: 1317-block  0
        -: 1318:
        -: 1319:
    #####: 1320:	*pp2 = *curr_ptr;
    #####: 1321:	return 0;
    $$$$$: 1321-block  0
    $$$$$: 1321-block  1
        -: 1322:}
        -: 1323:
        -: 1324:
        -: 1325:
        -: 1326:
        -: 1327:
        -: 1328:int 
function angval called 0 returned 0% blocks executed 0%
    #####: 1329:angval(struct charac * p1, struct charac ** pp2,
    $$$$$: 1329-block  0
        -: 1330:       double *angle_ptr,
        -: 1331:       int *angle_unit_ptr)
        -: 1332:{
        -: 1333:
    #####: 1334:	struct charac  *curr, **curr_ptr = &curr;
        -: 1335:	int             error;
        -: 1336:
        -: 1337:
    #####: 1338:	*curr_ptr = p1;
    #####: 1339:	error = 0;
        -: 1340:
        -: 1341:
    #####: 1342:	error = (GetReal(angle_ptr, curr_ptr));
    $$$$$: 1342-block  0
call    0 never executed
    #####: 1343:	if (error != 0) {
branch  0 never executed
branch  1 never executed
    #####: 1344:		return 1;
    $$$$$: 1344-block  0
        -: 1345:	};
        -: 1346:
        -: 1347:
        -: 1348:
    #####: 1349:	error = angunit(*curr_ptr, curr_ptr, angle_unit_ptr);
    $$$$$: 1349-block  0
call    0 never executed
        -: 1350:#ifdef DEBUG5
        -: 1351:	printf("Unità di misura angolo trovata *angle_unit_ptr=%d\n", *angle_unit_ptr);
        -: 1352:#endif
    #####: 1353:	if (error != 0)
branch  0 never executed
branch  1 never executed
    #####: 1354:		*angle_unit_ptr = DEGREES;
    $$$$$: 1354-block  0
        -: 1355:
        -: 1356:
    #####: 1357:	*pp2 = *curr_ptr;
    #####: 1358:	return 0;
    $$$$$: 1358-block  0
    $$$$$: 1358-block  1
        -: 1359:}
        -: 1360:
        -: 1361:int 
function answer called 0 returned 0% blocks executed 0%
    #####: 1362:answer(char domanda[EMSGSLEN])
    $$$$$: 1362-block  0
        -: 1363:{
        -: 1364:
        -: 1365:	char            s[2];
        -: 1366:
    #####: 1367:	printf("\n%s (Y/N): ", domanda);
    $$$$$: 1367-block  0
call    0 never executed
    #####: 1368:	gets(s);
call    0 never executed
    #####: 1369:	if ((s[0] == 'N') || (s[0] == 'n'))
branch  0 never executed
branch  1 never executed
    $$$$$: 1369-block  0
branch  2 never executed
branch  3 never executed
    #####: 1370:		return 0;
    $$$$$: 1370-block  0
        -: 1371:	else
    #####: 1372:		return 1;
    $$$$$: 1372-block  0
    $$$$$: 1372-block  1
        -: 1373:}
        -: 1374:
        -: 1375:
        -: 1376:
        -: 1377:int 
function beampha called 0 returned 0% blocks executed 0%
    #####: 1378:beampha(struct charac * p1, struct charac ** pp2,
    $$$$$: 1378-block  0
        -: 1379:	double *u_ptr,
        -: 1380:	double *v_ptr,
        -: 1381:	double *theta_ptr,
        -: 1382:	double *phi_ptr,
        -: 1383:	int *angle_unit_ptr
        -: 1384:)
        -: 1385:{
        -: 1386:
    #####: 1387:	struct charac  *curr, **curr_ptr = &curr;
        -: 1388:	int             error;
        -: 1389:
        -: 1390:#ifdef DEBUG1
        -: 1391:	printf("Funzione beampha()\n");
        -: 1392:#endif
        -: 1393:
        -: 1394:
    #####: 1395:	*curr_ptr = p1;
        -: 1396:
        -: 1397:
    #####: 1398:	error = 0;
        -: 1399:
        -: 1400:
    #####: 1401:	error = (GetKeyword(Keywords[96], curr_ptr));
    $$$$$: 1401-block  0
call    0 never executed
    #####: 1402:	error = 0;
        -: 1403:
        -: 1404:
    #####: 1405:	error = uvdir(*curr_ptr, curr_ptr, u_ptr, v_ptr);
call    0 never executed
        -: 1406:
        -: 1407:
    #####: 1408:	if (error == 0) {
branch  0 never executed
branch  1 never executed
    #####: 1409:		*pp2 = *curr_ptr;
    #####: 1410:		return 0;
    $$$$$: 1410-block  0
        -: 1411:	};
        -: 1412:
    #####: 1413:	if (error == 17) {
    $$$$$: 1413-block  0
branch  0 never executed
branch  1 never executed
    #####: 1414:		printf("\n%s", ErrorMessages[73]);
    $$$$$: 1414-block  0
call    0 never executed
    #####: 1415:		return 17;
        -: 1416:	};
        -: 1417:
        -: 1418:
    #####: 1419:	if (error == 1) {
    $$$$$: 1419-block  0
branch  0 never executed
branch  1 never executed
    #####: 1420:		error = angledir(*curr_ptr, curr_ptr, theta_ptr, phi_ptr, angle_unit_ptr);
    $$$$$: 1420-block  0
call    0 never executed
        -: 1421:	};
        -: 1422:
    #####: 1423:	if (error == 0) {
    $$$$$: 1423-block  0
branch  0 never executed
branch  1 never executed
    #####: 1424:		*pp2 = *curr_ptr;
    #####: 1425:		return 0;
    $$$$$: 1425-block  0
        -: 1426:	};
        -: 1427:
    #####: 1428:	if (error == 17) {
    $$$$$: 1428-block  0
branch  0 never executed
branch  1 never executed
    #####: 1429:		printf("\n%s", ErrorMessages[73]);
    $$$$$: 1429-block  0
call    0 never executed
    #####: 1430:		return 17;
        -: 1431:	};
        -: 1432:
        -: 1433:
    #####: 1434:	parserro(*curr_ptr, 73, " ");
    $$$$$: 1434-block  0
call    0 never executed
        -: 1435:
    #####: 1436:	return 17;
    $$$$$: 1436-block  0
        -: 1437:}
        -: 1438:
        -: 1439:
        -: 1440:
        -: 1441:
        -: 1442:
        -: 1443:
        -: 1444:
        -: 1445:
        -: 1446:
        -: 1447:
        -: 1448:
        -: 1449:int 
function blockdef called 0 returned 0% blocks executed 0%
    #####: 1450:blockdef(struct charac * p1, struct charac ** pp2,
    $$$$$: 1450-block  0
        -: 1451:	 struct Node ** node_ptr
        -: 1452:)
        -: 1453:{
        -: 1454:
    #####: 1455:	struct charac  *curr, **curr_ptr = &curr;
        -: 1456:	int             error;
        -: 1457:
        -: 1458:
        -: 1459:
        -: 1460:
    #####: 1461:	int             pcoord, *pcoord_ptr = &pcoord;
    #####: 1462:	int             qcoord, *qcoord_ptr = &qcoord;
        -: 1463:
        -: 1464:
    #####: 1465:	struct Node    *primo_ptr = NULL, *ultimo_ptr = NULL, *app_ptr = NULL;
        -: 1466:
        -: 1467:
        -: 1468:#ifdef DEBUG1
        -: 1469:	printf("\nFunzione blockdef()");
        -: 1470:#endif
        -: 1471:
        -: 1472:
    #####: 1473:	*curr_ptr = p1;
    #####: 1474:	error = 0;
        -: 1475:
    #####: 1476:	*node_ptr = NULL;
        -: 1477:
        -: 1478:
    #####: 1479:	error = (GetKeyword(Keywords[76], curr_ptr));
    $$$$$: 1479-block  0
call    0 never executed
    #####: 1480:	if (error != 0) {
branch  0 never executed
branch  1 never executed
    #####: 1481:		return 1;
    $$$$$: 1481-block  0
        -: 1482:	};
        -: 1483:
        -: 1484:
    #####: 1485:	error = nodecoor(*curr_ptr, curr_ptr, pcoord_ptr, qcoord_ptr);
    $$$$$: 1485-block  0
call    0 never executed
        -: 1486:
    #####: 1487:	if (error == 1) {
branch  0 never executed
branch  1 never executed
    #####: 1488:		parserro(*curr_ptr, 56, " ");
    $$$$$: 1488-block  0
call    0 never executed
        -: 1489:
    #####: 1490:		return 17;
        -: 1491:	};
        -: 1492:
    #####: 1493:	if (error == 17) {
    $$$$$: 1493-block  0
branch  0 never executed
branch  1 never executed
    #####: 1494:		parserro(*curr_ptr, 56, " ");
    $$$$$: 1494-block  0
call    0 never executed
        -: 1495:
    #####: 1496:		return 17;
        -: 1497:	};
        -: 1498:
        -: 1499:
    #####: 1500:	app_ptr = (struct Node *) malloc(sizeof(struct Node));
        -: 1501:
    #####: 1502:	if (app_ptr == NULL) {
    $$$$$: 1502-block  0
branch  0 never executed
branch  1 never executed
    #####: 1503:		parserro(*curr_ptr, 55, " ");
    $$$$$: 1503-block  0
call    0 never executed
        -: 1504:
    #####: 1505:		interror("blockdef()");
call    0 never executed
    #####: 1506:		exit(1);
call    0 never executed
        -: 1507:	};
        -: 1508:
        -: 1509:
        -: 1510:
    #####: 1511:	app_ptr->PCOORD = pcoord;
    #####: 1512:	app_ptr->QCOORD = qcoord;
    #####: 1513:	app_ptr->THEA = 0;
    #####: 1514:	app_ptr->PHEA = 0;
    #####: 1515:	app_ptr->PSEA = 0;
    #####: 1516:	app_ptr->ANGLE_UNIT = 0;
    #####: 1517:	app_ptr->NEXT = NULL;
        -: 1518:
        -: 1519:
    #####: 1520:	primo_ptr = app_ptr;
    #####: 1521:	ultimo_ptr = app_ptr;
        -: 1522:
        -: 1523:
    #####: 1524:	error = nodecoor(*curr_ptr, curr_ptr, pcoord_ptr, qcoord_ptr);
    $$$$$: 1524-block  0
call    0 never executed
        -: 1525:
    #####: 1526:	if (error == 1) {
branch  0 never executed
branch  1 never executed
    #####: 1527:		parserro(*curr_ptr, 56, " ");
    $$$$$: 1527-block  0
call    0 never executed
        -: 1528:
    #####: 1529:		return 17;
        -: 1530:	};
        -: 1531:
    #####: 1532:	if (error == 17) {
    $$$$$: 1532-block  0
branch  0 never executed
branch  1 never executed
    #####: 1533:		parserro(*curr_ptr, 57, " ");
    $$$$$: 1533-block  0
call    0 never executed
        -: 1534:
    #####: 1535:		return 17;
        -: 1536:	};
        -: 1537:
        -: 1538:
    #####: 1539:	app_ptr = (struct Node *) malloc(sizeof(struct Node));
        -: 1540:
    #####: 1541:	if (app_ptr == NULL) {
    $$$$$: 1541-block  0
branch  0 never executed
branch  1 never executed
    #####: 1542:		parserro(*curr_ptr, 55, " ");
    $$$$$: 1542-block  0
call    0 never executed
        -: 1543:
    #####: 1544:		interror("blockdef()");
call    0 never executed
    #####: 1545:		exit(1);
call    0 never executed
        -: 1546:	};
        -: 1547:
        -: 1548:
    #####: 1549:	app_ptr->PCOORD = pcoord;
    #####: 1550:	app_ptr->QCOORD = qcoord;
    #####: 1551:	app_ptr->THEA = 0;
    #####: 1552:	app_ptr->PHEA = 0;
    #####: 1553:	app_ptr->PSEA = 0;
    #####: 1554:	app_ptr->ANGLE_UNIT = 0;
    #####: 1555:	app_ptr->NEXT = NULL;
        -: 1556:
        -: 1557:
    #####: 1558:	ultimo_ptr->NEXT = app_ptr;
    #####: 1559:	ultimo_ptr = app_ptr;
        -: 1560:
        -: 1561:
    #####: 1562:	*node_ptr = primo_ptr;
        -: 1563:
        -: 1564:
    #####: 1565:	*pp2 = *curr_ptr;
    #####: 1566:	return 0;
    $$$$$: 1566-block  0
    $$$$$: 1566-block  1
        -: 1567:}
        -: 1568:
        -: 1569:
        -: 1570:
        -: 1571:
        -: 1572:int 
function circpol called 0 returned 0% blocks executed 0%
    #####: 1573:circpol(struct charac * p1, struct charac ** pp2,
    $$$$$: 1573-block  0
        -: 1574:	int *direction_ptr)
        -: 1575:{
        -: 1576:
    #####: 1577:	struct charac  *curr, **curr_ptr = &curr;
    #####: 1578:	int             error = 0;
        -: 1579:
        -: 1580:#ifdef DEBUG1
        -: 1581:	printf("\nFunzione circpol()");
        -: 1582:#endif
        -: 1583:
        -: 1584:
    #####: 1585:	*curr_ptr = p1;
    #####: 1586:	*direction_ptr = DEF_CIRC_POL_DIR;
        -: 1587:
        -: 1588:
    #####: 1589:	error = (GetKeyword(Keywords[38], curr_ptr));
    $$$$$: 1589-block  0
call    0 never executed
    #####: 1590:	if (error != 0) {
branch  0 never executed
branch  1 never executed
    #####: 1591:		return 1;
    $$$$$: 1591-block  0
        -: 1592:	};
        -: 1593:
        -: 1594:
    #####: 1595:	error = (GetKeyword(Keywords[65], curr_ptr));
    $$$$$: 1595-block  0
call    0 never executed
    #####: 1596:	if (error == 0) {
branch  0 never executed
branch  1 never executed
    #####: 1597:		*direction_ptr = LEFT_HAND;
    #####: 1598:		*pp2 = *curr_ptr;
    #####: 1599:		return 0;
    $$$$$: 1599-block  0
        -: 1600:	};
        -: 1601:
        -: 1602:
    #####: 1603:	error = (GetKeyword(Keywords[66], curr_ptr));
    $$$$$: 1603-block  0
call    0 never executed
    #####: 1604:	if (error == 0) {
branch  0 never executed
branch  1 never executed
    #####: 1605:		*direction_ptr = RIGHT_HAND;
    #####: 1606:		*pp2 = *curr_ptr;
    #####: 1607:		return 0;
    $$$$$: 1607-block  0
        -: 1608:	};
        -: 1609:
        -: 1610:
    #####: 1611:	*pp2 = *curr_ptr;
    #####: 1612:	return 0;
    $$$$$: 1612-block  0
    $$$$$: 1612-block  1
        -: 1613:}
        -: 1614:
        -: 1615:
        -: 1616:
        -: 1617:int 
function circspec called 0 returned 0% blocks executed 0%
    #####: 1618:circspec(struct charac * p1, struct charac ** pp2,
    $$$$$: 1618-block  0
        -: 1619:	 double *radius_ptr,
        -: 1620:	 int *radius_unit_ptr)
        -: 1621:{
        -: 1622:
    #####: 1623:	struct charac  *curr, **curr_ptr = &curr;
    #####: 1624:	int             error = 0;
        -: 1625:
        -: 1626:
    #####: 1627:	*curr_ptr = p1;
        -: 1628:
        -: 1629:
    #####: 1630:	error = (GetKeyword(Keywords[38], curr_ptr));
    $$$$$: 1630-block  0
call    0 never executed
    #####: 1631:	if (error != 0) {
branch  0 never executed
branch  1 never executed
    #####: 1632:		return 1;
    $$$$$: 1632-block  0
        -: 1633:	};
        -: 1634:
        -: 1635:
    #####: 1636:	error = (GetKeyword(Keywords[5], curr_ptr));
    $$$$$: 1636-block  0
call    0 never executed
    #####: 1637:	error = 0;
        -: 1638:
        -: 1639:
    #####: 1640:	error = (Get1Real(*curr_ptr, curr_ptr, radius_ptr));
call    0 never executed
    #####: 1641:	if (error != 0) {
branch  0 never executed
branch  1 never executed
    #####: 1642:		parserro(*curr_ptr, error, " ");
    $$$$$: 1642-block  0
call    0 never executed
        -: 1643:
    #####: 1644:		return 17;
        -: 1645:	};
        -: 1646:
        -: 1647:
    #####: 1648:	error = lenunit(curr_ptr, radius_unit_ptr);
    $$$$$: 1648-block  0
call    0 never executed
        -: 1649:#ifdef DEBUG5
        -: 1650:	printf("Unità di misura trovata %d", *radius_unit_ptr);
        -: 1651:#endif
    #####: 1652:	if (error != 0)
branch  0 never executed
branch  1 never executed
    #####: 1653:		*radius_unit_ptr = 0;
    $$$$$: 1653-block  0
        -: 1654:
        -: 1655:
    #####: 1656:	*pp2 = *curr_ptr;
    #####: 1657:	return 0;
    $$$$$: 1657-block  0
    $$$$$: 1657-block  1
        -: 1658:}
        -: 1659:
        -: 1660:
        -: 1661:
        -: 1662:
        -: 1663:
        -: 1664:
        -: 1665:int 
function cosinus called 0 returned 0% blocks executed 0%
    #####: 1666:cosinus(struct charac * p1, struct charac ** pp2,
    $$$$$: 1666-block  0
        -: 1667:	double *exp_ptr)
        -: 1668:{
        -: 1669:
    #####: 1670:	struct charac  *curr, **curr_ptr = &curr;
    #####: 1671:	int             error = 0;
        -: 1672:
        -: 1673:
    #####: 1674:	*curr_ptr = p1;
        -: 1675:
        -: 1676:
    #####: 1677:	error = (GetKeyword(Keywords[34], curr_ptr));
    $$$$$: 1677-block  0
call    0 never executed
    #####: 1678:	if (error != 0) {
branch  0 never executed
branch  1 never executed
    #####: 1679:		return 1;
    $$$$$: 1679-block  0
        -: 1680:	};
        -: 1681:
        -: 1682:
    #####: 1683:	error = (GetReal(exp_ptr, curr_ptr));
    $$$$$: 1683-block  0
call    0 never executed
    #####: 1684:	if (error != 0) {
branch  0 never executed
branch  1 never executed
    #####: 1685:		parserro(*curr_ptr, 26, " ");
    $$$$$: 1685-block  0
call    0 never executed
        -: 1686:
    #####: 1687:		return 17;
        -: 1688:	};
        -: 1689:
        -: 1690:
    #####: 1691:	*pp2 = *curr_ptr;
    #####: 1692:	return 0;
    $$$$$: 1692-block  0
    $$$$$: 1692-block  1
        -: 1693:}
        -: 1694:
        -: 1695:
        -: 1696:
        -: 1697:
        -: 1698:double 
function dacos called 0 returned 0% blocks executed 0%
    #####: 1699:dacos(double x)
    $$$$$: 1699-block  0
        -: 1700:{
        -: 1701:
    #####: 1702:	return acos(x) * RTD;
    $$$$$: 1702-block  0
        -: 1703:
        -: 1704:}
        -: 1705:
        -: 1706:
        -: 1707:
        -: 1708:
        -: 1709:double 
function dasin called 0 returned 0% blocks executed 0%
    #####: 1710:dasin(double x)
    $$$$$: 1710-block  0
        -: 1711:{
        -: 1712:
    #####: 1713:	return asin(x) * RTD;
    $$$$$: 1713-block  0
        -: 1714:
        -: 1715:}
        -: 1716:
        -: 1717:
        -: 1718:
        -: 1719:
        -: 1720:double 
function datan called 0 returned 0% blocks executed 0%
    #####: 1721:datan(double x)
    $$$$$: 1721-block  0
        -: 1722:{
        -: 1723:
    #####: 1724:	return atan(x) * RTD;
    $$$$$: 1724-block  0
        -: 1725:
        -: 1726:}
        -: 1727:
        -: 1728:
        -: 1729:
        -: 1730:double 
function dcos called 0 returned 0% blocks executed 0%
    #####: 1731:dcos(double x)
    $$$$$: 1731-block  0
        -: 1732:{
        -: 1733:
    #####: 1734:	return cos(x * DTR);
    $$$$$: 1734-block  0
        -: 1735:
        -: 1736:}
        -: 1737:
        -: 1738:int 
function degconv called 0 returned 0% blocks executed 0%
    #####: 1739:degconv(double *x_ptr, int unit)
    $$$$$: 1739-block  0
        -: 1740:{
        -: 1741:
    #####: 1742:	switch (unit) {
    $$$$$: 1742-block  0
branch  0 never executed
branch  1 never executed
branch  2 never executed
        -: 1743:
        -: 1744:		case DEGREES:
    #####: 1745:		break;
    $$$$$: 1745-block  0
        -: 1746:
        -: 1747:	case RADIANTS:
    #####: 1748:		*x_ptr *= RTD;
    #####: 1749:		break;
    $$$$$: 1749-block  0
        -: 1750:
        -: 1751:	default:
    #####: 1752:		interror("degconv");
    $$$$$: 1752-block  0
call    0 never executed
        -: 1753:
        -: 1754:	}
        -: 1755:
    #####: 1756:	return 0;
    $$$$$: 1756-block  0
        -: 1757:}
        -: 1758:
        -: 1759:
        -: 1760:
        -: 1761:double 
function doubmax called 0 returned 0% blocks executed 0%
    #####: 1762:doubmax(double a, double b)
    $$$$$: 1762-block  0
        -: 1763:{
        -: 1764:
    #####: 1765:	if (a > b)
    $$$$$: 1765-block  0
branch  0 never executed
branch  1 never executed
    #####: 1766:		return a;
    $$$$$: 1766-block  0
        -: 1767:	else
    #####: 1768:		return b;
    $$$$$: 1768-block  0
        -: 1769:
        -: 1770:}
        -: 1771:
        -: 1772:
        -: 1773:
        -: 1774:double 
function doubmin called 0 returned 0% blocks executed 0%
    #####: 1775:doubmin(double a, double b)
    $$$$$: 1775-block  0
        -: 1776:{
        -: 1777:
    #####: 1778:	if (a < b)
    $$$$$: 1778-block  0
branch  0 never executed
branch  1 never executed
    #####: 1779:		return a;
    $$$$$: 1779-block  0
        -: 1780:	else
    #####: 1781:		return b;
    $$$$$: 1781-block  0
        -: 1782:
        -: 1783:}
        -: 1784:
        -: 1785:
        -: 1786:
        -: 1787:
        -: 1788:int 
function doubstep called 0 returned 0% blocks executed 0%
    #####: 1789:doubstep(struct charac * p1,
    $$$$$: 1789-block  0
        -: 1790:	 struct charac ** pp2, double *pstep_ptr, double *qstep_ptr, int *pqstep_unit_ptr)
        -: 1791:{
        -: 1792:
    #####: 1793:	struct charac  *curr, **curr_ptr = &curr;
        -: 1794:	int             error;
        -: 1795:
        -: 1796:
    #####: 1797:	*curr_ptr = p1;
        -: 1798:
        -: 1799:
    #####: 1800:	error = 0;
    #####: 1801:	*pstep_ptr = 0;
    #####: 1802:	*qstep_ptr = 0;
    #####: 1803:	*pqstep_unit_ptr = 0;
        -: 1804:
        -: 1805:
    #####: 1806:	error = (GetKeyword(Keywords[19], curr_ptr));
    $$$$$: 1806-block  0
call    0 never executed
    #####: 1807:	if (error != 0) {
branch  0 never executed
branch  1 never executed
    #####: 1808:		return 1;
    $$$$$: 1808-block  0
        -: 1809:	};
        -: 1810:
        -: 1811:
    #####: 1812:	error = (GetUReal(*curr_ptr, curr_ptr, pstep_ptr));
    $$$$$: 1812-block  0
call    0 never executed
    #####: 1813:	if (error != 0) {
branch  0 never executed
branch  1 never executed
    #####: 1814:		*pstep_ptr = 0;
    #####: 1815:		*qstep_ptr = 0;
    #####: 1816:		*pqstep_unit_ptr = 0;
    #####: 1817:		return error;
    $$$$$: 1817-block  0
        -: 1818:	};
        -: 1819:
        -: 1820:
    #####: 1821:	error = (GetKeyword(Keywords[20], curr_ptr));
    $$$$$: 1821-block  0
call    0 never executed
    #####: 1822:	if (error != 0) {
branch  0 never executed
branch  1 never executed
    #####: 1823:		return 17;
    $$$$$: 1823-block  0
        -: 1824:	};
        -: 1825:
        -: 1826:
    #####: 1827:	error = (GetUReal(*curr_ptr, curr_ptr, qstep_ptr));
    $$$$$: 1827-block  0
call    0 never executed
    #####: 1828:	if (error != 0) {
branch  0 never executed
branch  1 never executed
    #####: 1829:		*pstep_ptr = 0;
    #####: 1830:		*qstep_ptr = 0;
    #####: 1831:		*pqstep_unit_ptr = 0;
    #####: 1832:		return error;
    $$$$$: 1832-block  0
        -: 1833:	};
        -: 1834:
        -: 1835:
        -: 1836:
    #####: 1837:	error = lenunit(curr_ptr, pqstep_unit_ptr);
    $$$$$: 1837-block  0
call    0 never executed
    #####: 1838:	if (error != 0)
branch  0 never executed
branch  1 never executed
    #####: 1839:		*pqstep_unit_ptr = 0;
    $$$$$: 1839-block  0
        -: 1840:
        -: 1841:
    #####: 1842:	*pp2 = *curr_ptr;
    #####: 1843:	return 0;
    $$$$$: 1843-block  0
    $$$$$: 1843-block  1
        -: 1844:}
        -: 1845:
        -: 1846:
        -: 1847:
        -: 1848:
        -: 1849:double 
function dsin called 0 returned 0% blocks executed 0%
    #####: 1850:dsin(double x)
    $$$$$: 1850-block  0
        -: 1851:{
        -: 1852:
    #####: 1853:	return sin(x * DTR);
    $$$$$: 1853-block  0
        -: 1854:
        -: 1855:}
        -: 1856:
        -: 1857:
        -: 1858:
        -: 1859:
        -: 1860:int 
function elemdef called 0 returned 0% blocks executed 0%
    #####: 1861:elemdef(struct charac * p1, struct charac ** pp2,
    $$$$$: 1861-block  0
        -: 1862:	struct Elem ** elem_ptr
        -: 1863:)
        -: 1864:{
        -: 1865:
    #####: 1866:	struct charac  *curr, **curr_ptr = &curr;
        -: 1867:	int             error;
        -: 1868:	char            name[UNLEN + 1];
        -: 1869:
        -: 1870:#ifdef DEBUG1
        -: 1871:	printf("\nFunzione elemdef()");
        -: 1872:#endif
        -: 1873:
        -: 1874:
    #####: 1875:	*curr_ptr = p1;
    #####: 1876:	error = 0;
        -: 1877:
        -: 1878:
        -: 1879:
    #####: 1880:	*elem_ptr = (struct Elem *) malloc(sizeof(struct Elem));
        -: 1881:
    #####: 1882:	if (*elem_ptr == NULL) {
    $$$$$: 1882-block  0
branch  0 never executed
branch  1 never executed
    #####: 1883:		parserro(*curr_ptr, 55, " ");
    $$$$$: 1883-block  0
call    0 never executed
    #####: 1884:		interror("elemdef()");
call    0 never executed
        -: 1885:	};
        -: 1886:
        -: 1887:
    #####: 1888:	error = (GetKeyword(Keywords[28], curr_ptr));
    $$$$$: 1888-block  0
call    0 never executed
    #####: 1889:	if (error != 0) {
branch  0 never executed
branch  1 never executed
    #####: 1890:		*elem_ptr = NULL;
    #####: 1891:		return 1;
    $$$$$: 1891-block  0
        -: 1892:	};
        -: 1893:
        -: 1894:
    #####: 1895:	error = GetUName(name, curr_ptr);
    $$$$$: 1895-block  0
call    0 never executed
        -: 1896:
    #####: 1897:	if (error == 0) {
branch  0 never executed
branch  1 never executed
    #####: 1898:		strcpy((*elem_ptr)->NAME, name);
    #####: 1899:		(*elem_ptr)->TYPE = SUBGROUP;
    #####: 1900:		*pp2 = *curr_ptr;
    #####: 1901:		return 0;
    $$$$$: 1901-block  0
        -: 1902:	};
        -: 1903:
        -: 1904:
    #####: 1905:	error = sinelem(*curr_ptr, curr_ptr, elem_ptr);
    $$$$$: 1905-block  0
call    0 never executed
        -: 1906:
    #####: 1907:	if (error == 0) {
branch  0 never executed
branch  1 never executed
    #####: 1908:		*pp2 = *curr_ptr;
    #####: 1909:		return 0;
    $$$$$: 1909-block  0
        -: 1910:	};
        -: 1911:
        -: 1912:
    #####: 1913:	*elem_ptr == NULL;
    #####: 1914:	return 17;
    $$$$$: 1914-block  0
    $$$$$: 1914-block  1
        -: 1915:}
        -: 1916:
        -: 1917:
        -: 1918:
        -: 1919:
        -: 1920:
        -: 1921:void 
function emsginit called 1 returned 100% blocks executed 100%
        1: 1922:emsginit(void)
        1: 1922-block  0
        -: 1923:{
        -: 1924:
        -: 1925:	int             i;
        -: 1926:
[...]
        -: 8628:
        -: 8629:
    #####: 8630:	error = sinstep(*curr_ptr, curr_ptr, pstep_ptr, pstep_unit_ptr);
    $$$$$: 8630-block  0
call    0 never executed
    #####: 8631:	if (error == 1) {
branch  0 never executed
branch  1 never executed
    #####: 8632:		*pstep_ptr = 0;
    #####: 8633:		*pstep_unit_ptr = 0;
        -: 8634:
    #####: 8635:		*pp2 = *curr_ptr;
    #####: 8636:		return 0;
    $$$$$: 8636-block  0
        -: 8637:	};
        -: 8638:
        -: 8639:
    #####: 8640:	if (error != 0) {
    $$$$$: 8640-block  0
branch  0 never executed
branch  1 never executed
    #####: 8641:		parserro(*curr_ptr, error, " ");
    $$$$$: 8641-block  0
call    0 never executed
        -: 8642:
    #####: 8643:		*pstep_ptr = 0;
    #####: 8644:		*pstep_unit_ptr = 0;
    #####: 8645:		return 17;
        -: 8646:	};
        -: 8647:
        -: 8648:
        -: 8649:
        -: 8650:
    #####: 8651:	*pp2 = *curr_ptr;
    #####: 8652:	return 0;
    $$$$$: 8652-block  0
    $$$$$: 8652-block  1
        -: 8653:}
        -: 8654:
        -: 8655:
        -: 8656:
        -: 8657:
        -: 8658:char 
function TapeGet called 0 returned 0% blocks executed 0%
    #####: 8659:TapeGet(struct charac ** tp)
    $$$$$: 8659-block  0
        -: 8660:{
        -: 8661:
        -: 8662:	char            ch;
        -: 8663:
    #####: 8664:	if (*tp == NULL)
    $$$$$: 8664-block  0
branch  0 never executed
branch  1 never executed
    #####: 8665:		ch = '\0';
    $$$$$: 8665-block  0
        -: 8666:	else {
    #####: 8667:		ch = (*tp)->info;
    #####: 8668:		(*tp) = (*tp)->NEXT;
    $$$$$: 8668-block  0
        -: 8669:	};
    #####: 8670:	return ch;
    $$$$$: 8670-block  0
        -: 8671:}
        -: 8672:
        -: 8673:
        -: 8674:
        -: 8675:
        -: 8676:
        -: 8677:int 
function trigrdef called 0 returned 0% blocks executed 0%
    #####: 8678:trigrdef(struct charac * p1,
    $$$$$: 8678-block  0
        -: 8679:	 struct charac ** pp2, double *angle_ptr, int *angle_unit_ptr, double *pstep_ptr, double *qstep_ptr, int *pqstep_unit_ptr,
        -: 8680:	 double *px_ptr, double *py_ptr, double *qx_ptr, double *qy_ptr, int *pqxy_unit_ptr)
        -: 8681:{
        -: 8682:
    #####: 8683:	struct charac  *curr, **curr_ptr = &curr;
        -: 8684:	int             error;
        -: 8685:
        -: 8686:
    #####: 8687:	*curr_ptr = p1;
        -: 8688:
        -: 8689:
    #####: 8690:	error = 0;
    #####: 8691:	*angle_ptr = 0;
    #####: 8692:	*angle_unit_ptr = 0;
    #####: 8693:	*pstep_ptr = 0;
    #####: 8694:	*qstep_ptr = 0;
    #####: 8695:	*pqstep_unit_ptr = 0;
    #####: 8696:	*px_ptr = 0;
    #####: 8697:	*py_ptr = 0;
    #####: 8698:	*qx_ptr = 0;
    #####: 8699:	*qy_ptr = 0;
    #####: 8700:	*pqxy_unit_ptr = 0;
        -: 8701:
        -: 8702:
    #####: 8703:	error = (GetKeyword(Keywords[21], curr_ptr));
    $$$$$: 8703-block  0
call    0 never executed
    #####: 8704:	if (error != 0) {
branch  0 never executed
branch  1 never executed
    #####: 8705:		return 1;
    $$$$$: 8705-block  0
        -: 8706:	};
        -: 8707:
        -: 8708:
    #####: 8709:	error = angstep(*curr_ptr, curr_ptr, angle_ptr, angle_unit_ptr, pstep_ptr, qstep_ptr, pqstep_unit_ptr);
    $$$$$: 8709-block  0
call    0 never executed
        -: 8710:
        -: 8711:
        -: 8712:
        -: 8713:
        -: 8714:
    #####: 8715:	if (error == 17) {
branch  0 never executed
branch  1 never executed
        -: 8716:
    #####: 8717:		*angle_ptr = 0;
    #####: 8718:		*angle_unit_ptr = 0;
    #####: 8719:		*pstep_ptr = 0;
    #####: 8720:		*qstep_ptr = 0;
    #####: 8721:		*pqstep_unit_ptr = 0;
    #####: 8722:		parserro(*curr_ptr, 94, " ");
    $$$$$: 8722-block  0
call    0 never executed
    #####: 8723:		return 17;
        -: 8724:	};
        -: 8725:
        -: 8726:
    #####: 8727:	if (error != 0) {
    $$$$$: 8727-block  0
branch  0 never executed
branch  1 never executed
    #####: 8728:		error = versdef(*curr_ptr, curr_ptr, px_ptr, py_ptr, qx_ptr, qy_ptr, pqxy_unit_ptr);
    $$$$$: 8728-block  0
call    0 never executed
        -: 8729:
    #####: 8730:		if ((error != 1) && (error != 0)) {
branch  0 never executed
branch  1 never executed
    $$$$$: 8730-block  0
branch  2 never executed
branch  3 never executed
    #####: 8731:			parserro(*curr_ptr, error, " ");
    $$$$$: 8731-block  0
call    0 never executed
        -: 8732:
    #####: 8733:			*px_ptr = 0;
    #####: 8734:			*py_ptr = 0;
    #####: 8735:			*qx_ptr = 0;
    #####: 8736:			*qy_ptr = 0;
    #####: 8737:			*pqxy_unit_ptr = 0;
    #####: 8738:			return 17;
        -: 8739:		};
        -: 8740:
        -: 8741:
    #####: 8742:		if (error == 1) {
    $$$$$: 8742-block  0
branch  0 never executed
branch  1 never executed
    #####: 8743:			*angle_ptr = 0;
    #####: 8744:			*angle_unit_ptr = 0;
    #####: 8745:			*pstep_ptr = 0;
    #####: 8746:			*qstep_ptr = 0;
    #####: 8747:			*pqstep_unit_ptr = 0;
    #####: 8748:			*px_ptr = 0;
    #####: 8749:			*py_ptr = 0;
    #####: 8750:			*qx_ptr = 0;
    #####: 8751:			*qy_ptr = 0;
    #####: 8752:			*pqxy_unit_ptr = 0;
    $$$$$: 8752-block  0
        -: 8753:		};
        -: 8754:	};
        -: 8755:
        -: 8756:
        -: 8757:
        -: 8758:
    #####: 8759:	*pp2 = *curr_ptr;
    #####: 8760:	return 0;
    $$$$$: 8760-block  0
    $$$$$: 8760-block  1
        -: 8761:
        -: 8762:}
        -: 8763:
        -: 8764:
        -: 8765:
        -: 8766:
        -: 8767:
        -: 8768:void 
function unaminit called 1 returned 100% blocks executed 100%
        1: 8769:unaminit(void)
        1: 8769-block  0
        -: 8770:{
        -: 8771:
        -: 8772:	char            i;
        -: 8773:#ifdef DEBUG1
        -: 8774:	printf("\nFUNZIONE unaminit() INIZIALIZZAZIONE della tabella usernames \n");
        -: 8775:#endif
       22: 8776:	for (i = 0; (i <= UNNUM); i++)
        1: 8776-block  0
       21: 8776-block  1
       22: 8776-block  2
branch  0 taken 95%
branch  1 taken 5% (fallthrough)
       21: 8777:		strcpy(UserNames[i], "");
        -: 8778:
        1: 8779:}
        -: 8780:
        -: 8781:
        -: 8782:
        -: 8783:int 
function unifamp called 0 returned 0% blocks executed 0%
    #####: 8784:unifamp(struct charac * p1, struct charac ** pp2,
    $$$$$: 8784-block  0
        -: 8785:	double *unif_val_ptr,
        -: 8786:	int *amp_unit_ptr
        -: 8787:)
        -: 8788:{
        -: 8789:
    #####: 8790:	struct charac  *curr, **curr_ptr = &curr;
        -: 8791:	int             error;
        -: 8792:
        -: 8793:#ifdef DEBUG1
        -: 8794:	printf("\nFunzione unifamp()");
        -: 8795:#endif
        -: 8796:
        -: 8797:
    #####: 8798:	*curr_ptr = p1;
        -: 8799:
        -: 8800:
    #####: 8801:	error = 0;
        -: 8802:
        -: 8803:
        -: 8804:
    #####: 8805:	error = (GetKeyword(Keywords[88], curr_ptr));
    $$$$$: 8805-block  0
call    0 never executed
        -: 8806:
    #####: 8807:	if (error != 0) {
branch  0 never executed
branch  1 never executed
    #####: 8808:		return 1;
    $$$$$: 8808-block  0
        -: 8809:	};
        -: 8810:
        -: 8811:
    #####: 8812:	error = ampval(*curr_ptr, curr_ptr, unif_val_ptr, amp_unit_ptr);
    $$$$$: 8812-block  0
call    0 never executed
    #####: 8813:	if (error != 0) {
branch  0 never executed
branch  1 never executed
    #####: 8814:		*unif_val_ptr = 0;
    #####: 8815:		*amp_unit_ptr = 0;
    $$$$$: 8815-block  0
        -: 8816:	};
        -: 8817:
        -: 8818:
    #####: 8819:	*pp2 = *curr_ptr;
    #####: 8820:	return 0;
    $$$$$: 8820-block  0
    $$$$$: 8820-block  1
        -: 8821:}
        -: 8822:
        -: 8823:
        -: 8824:
        -: 8825:
        -: 8826:
        -: 8827:int 
function unifpha called 0 returned 0% blocks executed 0%
    #####: 8828:unifpha(struct charac * p1, struct charac ** pp2,
    $$$$$: 8828-block  0
        -: 8829:	double *unif_val_ptr,
        -: 8830:	int *phase_unit_ptr
        -: 8831:)
        -: 8832:{
        -: 8833:
    #####: 8834:	struct charac  *curr, **curr_ptr = &curr;
        -: 8835:	int             error;
        -: 8836:
        -: 8837:#ifdef DEBUG1
        -: 8838:	printf("Funzione unifpha()\n");
        -: 8839:#endif
        -: 8840:
        -: 8841:
    #####: 8842:	*curr_ptr = p1;
        -: 8843:
        -: 8844:
    #####: 8845:	error = 0;
        -: 8846:
        -: 8847:
        -: 8848:
    #####: 8849:	error = (GetKeyword(Keywords[88], curr_ptr));
    $$$$$: 8849-block  0
call    0 never executed
        -: 8850:
    #####: 8851:	if (error != 0) {
branch  0 never executed
branch  1 never executed
    #####: 8852:		return 1;
    $$$$$: 8852-block  0
        -: 8853:	};
        -: 8854:
        -: 8855:
    #####: 8856:	error = angval(*curr_ptr, curr_ptr, unif_val_ptr, phase_unit_ptr);
    $$$$$: 8856-block  0
call    0 never executed
    #####: 8857:	if (error != 0) {
branch  0 never executed
branch  1 never executed
    #####: 8858:		*unif_val_ptr = 0;
    #####: 8859:		*phase_unit_ptr = 0;
    $$$$$: 8859-block  0
        -: 8860:	};
        -: 8861:
        -: 8862:
    #####: 8863:	*pp2 = *curr_ptr;
    #####: 8864:	return 0;
    $$$$$: 8864-block  0
    $$$$$: 8864-block  1
        -: 8865:}
        -: 8866:
        -: 8867:
        -: 8868:
        -: 8869:
        -: 8870:
        -: 8871:int 
function uvdir called 0 returned 0% blocks executed 0%
    #####: 8872:uvdir(struct charac * p1, struct charac ** pp2,
    $$$$$: 8872-block  0
        -: 8873:      double *u_ptr,
        -: 8874:      double *v_ptr
        -: 8875:)
        -: 8876:{
        -: 8877:
    #####: 8878:	struct charac  *curr, **curr_ptr = &curr;
        -: 8879:	int             error;
        -: 8880:
        -: 8881:#ifdef DEBUG1
        -: 8882:	printf("Funzione uvdir()\n");
        -: 8883:#endif
        -: 8884:
        -: 8885:
    #####: 8886:	*curr_ptr = p1;
        -: 8887:
        -: 8888:
    #####: 8889:	error = 0;
        -: 8890:
        -: 8891:
    #####: 8892:	error = (GetKeyword(Keywords[97], curr_ptr));
    $$$$$: 8892-block  0
call    0 never executed
    #####: 8893:	if (error != 0) {
branch  0 never executed
branch  1 never executed
    #####: 8894:		return 1;
    $$$$$: 8894-block  0
        -: 8895:	};
        -: 8896:
        -: 8897:
    #####: 8898:	error = (uvval(*curr_ptr, curr_ptr, u_ptr));
    $$$$$: 8898-block  0
call    0 never executed
    #####: 8899:	if (error != 0) {
branch  0 never executed
branch  1 never executed
    #####: 8900:		parserro(*curr_ptr, 71, " ");
    $$$$$: 8900-block  0
call    0 never executed
    #####: 8901:		return 17;
        -: 8902:	};
        -: 8903:
        -: 8904:
    #####: 8905:	error = (GetKeyword(Keywords[98], curr_ptr));
    $$$$$: 8905-block  0
call    0 never executed
    #####: 8906:	if (error != 0) {
branch  0 never executed
branch  1 never executed
    #####: 8907:		parserro(*curr_ptr, 1, Keywords[98]);
    $$$$$: 8907-block  0
call    0 never executed
    #####: 8908:		return 17;
        -: 8909:	};
        -: 8910:
        -: 8911:
    #####: 8912:	error = (uvval(*curr_ptr, curr_ptr, v_ptr));
    $$$$$: 8912-block  0
call    0 never executed
    #####: 8913:	if (error != 0) {
branch  0 never executed
branch  1 never executed
    #####: 8914:		printf("\n%s", ErrorMessages[71]);
    $$$$$: 8914-block  0
call    0 never executed
    #####: 8915:		return 17;
        -: 8916:	};
        -: 8917:
        -: 8918:
    #####: 8919:	*pp2 = *curr_ptr;
    #####: 8920:	return 0;
    $$$$$: 8920-block  0
    $$$$$: 8920-block  1
        -: 8921:}
        -: 8922:
        -: 8923:
        -: 8924:
        -: 8925:
        -: 8926:
        -: 8927:
        -: 8928:int 
function uvval called 0 returned 0% blocks executed 0%
    #####: 8929:uvval(struct charac * p1,
    $$$$$: 8929-block  0
        -: 8930:      struct charac ** pp2, double *val_ptr
        -: 8931:)
        -: 8932:{
        -: 8933:
    #####: 8934:	struct charac  *curr, **curr_ptr = &curr;
        -: 8935:	int             error;
        -: 8936:
        -: 8937:
    #####: 8938:	*curr_ptr = p1;
        -: 8939:
        -: 8940:
    #####: 8941:	error = (GetReal(val_ptr, curr_ptr));
    $$$$$: 8941-block  0
call    0 never executed
    #####: 8942:	if (error != 0) {
branch  0 never executed
branch  1 never executed
    #####: 8943:		return 1;
    $$$$$: 8943-block  0
        -: 8944:	};
        -: 8945:
        -: 8946:
    #####: 8947:	if ((*val_ptr < -1) || (*val_ptr > 1)) {
    $$$$$: 8947-block  0
branch  0 never executed
branch  1 never executed
    $$$$$: 8947-block  1
branch  2 never executed
branch  3 never executed
    #####: 8948:		parserro(*curr_ptr, 72, " ");
    $$$$$: 8948-block  0
call    0 never executed
        -: 8949:
    #####: 8950:		return 17;
        -: 8951:	};
        -: 8952:
        -: 8953:
    #####: 8954:	*pp2 = *curr_ptr;
    #####: 8955:	return 0;
    $$$$$: 8955-block  0
    $$$$$: 8955-block  1
        -: 8956:}
        -: 8957:
        -: 8958:
        -: 8959:
        -: 8960:
        -: 8961:int 
function versdef called 0 returned 0% blocks executed 0%
    #####: 8962:versdef(struct charac * p1,
    $$$$$: 8962-block  0
        -: 8963:	struct charac ** pp2, double *px_ptr, double *py_ptr, double *qx_ptr, double *qy_ptr, int *pqxy_unit_ptr)
        -: 8964:{
        -: 8965:
    #####: 8966:	struct charac  *curr, **curr_ptr = &curr;
        -: 8967:	int             error;
        -: 8968:
        -: 8969:
    #####: 8970:	*curr_ptr = p1;
        -: 8971:
        -: 8972:
    #####: 8973:	error = 0;
    #####: 8974:	*px_ptr = 0;
    #####: 8975:	*py_ptr = 0;
    #####: 8976:	*qx_ptr = 0;
    #####: 8977:	*qy_ptr = 0;
    #####: 8978:	*pqxy_unit_ptr = 0;
        -: 8979:
        -: 8980:
    #####: 8981:	error = (GetKeyword(Keywords[53], curr_ptr));
    $$$$$: 8981-block  0
call    0 never executed
    #####: 8982:	if (error != 0) {
branch  0 never executed
branch  1 never executed
    #####: 8983:		return 1;
    $$$$$: 8983-block  0
        -: 8984:	};
        -: 8985:
        -: 8986:
    #####: 8987:	error = (GetReal(px_ptr, curr_ptr));
    $$$$$: 8987-block  0
call    0 never executed
    #####: 8988:	if (error != 0) {
branch  0 never executed
branch  1 never executed
    #####: 8989:		parserro(*curr_ptr, error, " ");
    $$$$$: 8989-block  0
call    0 never executed
        -: 8990:
    #####: 8991:		*px_ptr = 0;
    #####: 8992:		*py_ptr = 0;
    #####: 8993:		*qx_ptr = 0;
    #####: 8994:		*qy_ptr = 0;
    #####: 8995:		*pqxy_unit_ptr = 0;
    #####: 8996:		return 17;
        -: 8997:	};
        -: 8998:
        -: 8999:
    #####: 9000:	error = (GetKeyword(Keywords[54], curr_ptr));
    $$$$$: 9000-block  0
call    0 never executed
    #####: 9001:	if (error != 0) {
branch  0 never executed
branch  1 never executed
    #####: 9002:		parserro(*curr_ptr, error, Keywords[54]);
    $$$$$: 9002-block  0
call    0 never executed
        -: 9003:
    #####: 9004:		return 17;
        -: 9005:	};
        -: 9006:
        -: 9007:
    #####: 9008:	error = (GetReal(py_ptr, curr_ptr));
    $$$$$: 9008-block  0
call    0 never executed
    #####: 9009:	if (error != 0) {
branch  0 never executed
branch  1 never executed
    #####: 9010:		parserro(*curr_ptr, error, " ");
    $$$$$: 9010-block  0
call    0 never executed
        -: 9011:
    #####: 9012:		*px_ptr = 0;
    #####: 9013:		*py_ptr = 0;
    #####: 9014:		*qx_ptr = 0;
    #####: 9015:		*qy_ptr = 0;
    #####: 9016:		*pqxy_unit_ptr = 0;
    #####: 9017:		return 17;
        -: 9018:	};
        -: 9019:
        -: 9020:
    #####: 9021:	error = (GetKeyword(Keywords[55], curr_ptr));
    $$$$$: 9021-block  0
call    0 never executed
    #####: 9022:	if (error != 0) {
branch  0 never executed
branch  1 never executed
    #####: 9023:		parserro(*curr_ptr, error, Keywords[55]);
    $$$$$: 9023-block  0
call    0 never executed
        -: 9024:
    #####: 9025:		return 17;
        -: 9026:	};
        -: 9027:
        -: 9028:
    #####: 9029:	error = (GetReal(qx_ptr, curr_ptr));
    $$$$$: 9029-block  0
call    0 never executed
    #####: 9030:	if (error != 0) {
branch  0 never executed
branch  1 never executed
    #####: 9031:		parserro(*curr_ptr, error, " ");
    $$$$$: 9031-block  0
call    0 never executed
        -: 9032:
    #####: 9033:		*px_ptr = 0;
    #####: 9034:		*py_ptr = 0;
    #####: 9035:		*qx_ptr = 0;
    #####: 9036:		*qy_ptr = 0;
    #####: 9037:		*pqxy_unit_ptr = 0;
    #####: 9038:		return 17;
        -: 9039:	};
        -: 9040:
        -: 9041:
    #####: 9042:	error = (GetKeyword(Keywords[56], curr_ptr));
    $$$$$: 9042-block  0
call    0 never executed
    #####: 9043:	if (error != 0) {
branch  0 never executed
branch  1 never executed
    #####: 9044:		parserro(*curr_ptr, error, Keywords[56]);
    $$$$$: 9044-block  0
call    0 never executed
        -: 9045:
    #####: 9046:		return 17;
        -: 9047:	};
        -: 9048:
        -: 9049:
    #####: 9050:	error = (GetReal(qy_ptr, curr_ptr));
    $$$$$: 9050-block  0
call    0 never executed
    #####: 9051:	if (error != 0) {
branch  0 never executed
branch  1 never executed
    #####: 9052:		parserro(*curr_ptr, error, " ");
    $$$$$: 9052-block  0
call    0 never executed
        -: 9053:
    #####: 9054:		*px_ptr = 0;
    #####: 9055:		*py_ptr = 0;
    #####: 9056:		*qx_ptr = 0;
    #####: 9057:		*qy_ptr = 0;
    #####: 9058:		*pqxy_unit_ptr = 0;
    #####: 9059:		return 17;
        -: 9060:	};
        -: 9061:
        -: 9062:
        -: 9063:
    #####: 9064:	error = lenunit(curr_ptr, pqxy_unit_ptr);
    $$$$$: 9064-block  0
call    0 never executed
    #####: 9065:	if (error != 0)
branch  0 never executed
branch  1 never executed
    #####: 9066:		*pqxy_unit_ptr = 0;
    $$$$$: 9066-block  0
        -: 9067:
        -: 9068:
    #####: 9069:	*pp2 = *curr_ptr;
    #####: 9070:	return 0;
    $$$$$: 9070-block  0
    $$$$$: 9070-block  1
        -: 9071:}
        -: 9072:
        -: 9073:
        -: 9074:
        -: 9075:void 
function waitcont called 0 returned 0% blocks executed 0%
    #####: 9076:waitcont(void)
    $$$$$: 9076-block  0
        -: 9077:{
        -: 9078:
        -: 9079:
    #####: 9080:}
        -: 9081:
        -: 9082:
        -: 9083:
        -: 9084:
        -: 9085:int 
function xycoord called 0 returned 0% blocks executed 0%
    #####: 9086:xycoord(struct charac * p1, struct charac ** pp2,
    $$$$$: 9086-block  0
        -: 9087:	double *xcoord_ptr,
        -: 9088:	double *ycoord_ptr
        -: 9089:)
        -: 9090:{
        -: 9091:
    #####: 9092:	struct charac  *curr, **curr_ptr = &curr;
        -: 9093:	int             error;
        -: 9094:
        -: 9095:#ifdef DEBUG1
        -: 9096:	printf("\nFunzione xycoord()");
        -: 9097:#endif
        -: 9098:
        -: 9099:
    #####: 9100:	*curr_ptr = p1;
    #####: 9101:	error = 0;
        -: 9102:
        -: 9103:
    #####: 9104:	error = (GetKeyword(Keywords[12], curr_ptr));
    $$$$$: 9104-block  0
call    0 never executed
    #####: 9105:	error = 0;
        -: 9106:
        -: 9107:
    #####: 9108:	error = (GetReal(xcoord_ptr, curr_ptr));
call    0 never executed
    #####: 9109:	if (error != 0) {
branch  0 never executed
branch  1 never executed
    #####: 9110:		return 17;
    $$$$$: 9110-block  0
        -: 9111:	};
        -: 9112:
        -: 9113:
    #####: 9114:	error = (GetKeyword(Keywords[13], curr_ptr));
    $$$$$: 9114-block  0
call    0 never executed
    #####: 9115:	error = 0;
        -: 9116:
        -: 9117:
    #####: 9118:	error = (GetReal(ycoord_ptr, curr_ptr));
call    0 never executed
    #####: 9119:	if (error != 0) {
branch  0 never executed
branch  1 never executed
    #####: 9120:		return 17;
    $$$$$: 9120-block  0
        -: 9121:	};
        -: 9122:
        -: 9123:
    #####: 9124:	*pp2 = *curr_ptr;
    #####: 9125:	return 0;
    $$$$$: 9125-block  0
    $$$$$: 9125-block  1
        -: 9126:}
